TN:
SF:src/app/layout.tsx
FN:20,RootLayout
FNF:1
FNH:0
FNDA:0,RootLayout
DA:2,0
DA:3,0
DA:5,0
DA:10,0
DA:15,0
DA:20,0
LF:6
LH:0
BRF:0
BRH:0
end_of_record
TN:
SF:src/app/page.tsx
FN:32,Home
FN:61,(anonymous_3)
FN:74,(anonymous_4)
FN:80,(anonymous_5)
FN:97,(anonymous_6)
FN:270,(anonymous_7)
FN:312,(anonymous_8)
FNF:7
FNH:0
FNDA:0,Home
FNDA:0,(anonymous_3)
FNDA:0,(anonymous_4)
FNDA:0,(anonymous_5)
FNDA:0,(anonymous_6)
FNDA:0,(anonymous_7)
FNDA:0,(anonymous_8)
DA:3,0
DA:4,0
DA:5,0
DA:6,0
DA:7,0
DA:8,0
DA:9,0
DA:10,0
DA:11,0
DA:12,0
DA:13,0
DA:14,0
DA:15,0
DA:16,0
DA:17,0
DA:18,0
DA:19,0
DA:20,0
DA:22,0
DA:23,0
DA:24,0
DA:32,0
DA:33,0
DA:34,0
DA:35,0
DA:36,0
DA:37,0
DA:38,0
DA:39,0
DA:40,0
DA:41,0
DA:42,0
DA:43,0
DA:44,0
DA:47,0
DA:48,0
DA:49,0
DA:50,0
DA:57,0
DA:58,0
DA:61,0
DA:62,0
DA:63,0
DA:72,0
DA:74,0
DA:75,0
DA:76,0
DA:77,0
DA:80,0
DA:81,0
DA:97,0
DA:98,0
DA:100,0
DA:101,0
DA:102,0
DA:104,0
DA:105,0
DA:106,0
DA:107,0
DA:108,0
DA:109,0
DA:110,0
DA:112,0
DA:113,0
DA:116,0
DA:117,0
DA:118,0
DA:120,0
DA:121,0
DA:122,0
DA:127,0
DA:128,0
DA:131,0
DA:132,0
DA:136,0
DA:155,0
DA:156,0
DA:159,0
DA:160,0
DA:161,0
DA:164,0
DA:167,0
DA:168,0
DA:170,0
DA:171,0
DA:172,0
DA:173,0
DA:174,0
DA:175,0
DA:176,0
DA:177,0
DA:178,0
DA:179,0
DA:271,0
DA:273,0
DA:274,0
DA:275,0
DA:276,0
DA:277,0
DA:312,0
LF:100
LH:0
BRDA:58,0,0,0
BRDA:58,0,1,0
BRDA:62,1,0,0
BRDA:62,1,1,0
BRDA:75,2,0,0
BRDA:75,2,1,0
BRDA:77,3,0,0
BRDA:77,3,1,0
BRDA:94,4,0,0
BRDA:100,5,0,0
BRDA:100,5,1,0
BRDA:100,6,0,0
BRDA:100,6,1,0
BRDA:101,7,0,0
BRDA:101,7,1,0
BRDA:101,8,0,0
BRDA:101,8,1,0
BRDA:102,9,0,0
BRDA:102,9,1,0
BRDA:116,10,0,0
BRDA:116,10,1,0
BRDA:116,11,0,0
BRDA:116,11,1,0
BRDA:127,12,0,0
BRDA:127,12,1,0
BRDA:155,13,0,0
BRDA:155,13,1,0
BRDA:168,14,0,0
BRDA:168,14,1,0
BRDA:178,15,0,0
BRDA:178,15,1,0
BRDA:206,16,0,0
BRDA:206,16,1,0
BRDA:208,17,0,0
BRDA:208,17,1,0
BRDA:208,17,2,0
BRDA:225,18,0,0
BRDA:242,19,0,0
BRDA:273,20,0,0
BRDA:273,20,1,0
BRDA:276,21,0,0
BRDA:276,21,1,0
BRDA:303,22,0,0
BRDA:332,23,0,0
BRDA:348,24,0,0
BRDA:359,25,0,0
BRDA:359,25,1,0
BRDA:365,26,0,0
BRDA:373,27,0,0
BRDA:373,27,1,0
BRDA:373,28,0,0
BRDA:373,28,1,0
BRDA:373,29,0,0
BRDA:373,29,1,0
BRDA:374,30,0,0
BRDA:374,30,1,0
BRDA:375,31,0,0
BRDA:375,31,1,0
BRDA:377,32,0,0
BRDA:377,32,1,0
BRDA:377,33,0,0
BRDA:377,33,1,0
BRDA:377,34,0,0
BRDA:377,34,1,0
BRDA:378,35,0,0
BRDA:378,35,1,0
BRDA:379,36,0,0
BRDA:379,36,1,0
BRDA:381,37,0,0
BRDA:381,37,1,0
BRDA:381,38,0,0
BRDA:381,38,1,0
BRDA:382,39,0,0
BRDA:382,39,1,0
BRDA:383,40,0,0
BRDA:383,40,1,0
BRDA:385,41,0,0
BRDA:385,41,1,0
BRDA:385,42,0,0
BRDA:385,42,1,0
BRDA:386,43,0,0
BRDA:386,43,1,0
BRDA:387,44,0,0
BRDA:387,44,1,0
BRDA:389,45,0,0
BRDA:389,45,1,0
BRDA:389,46,0,0
BRDA:389,46,1,0
BRDA:390,47,0,0
BRDA:390,47,1,0
BRDA:391,48,0,0
BRDA:391,48,1,0
BRDA:393,49,0,0
BRDA:393,49,1,0
BRDA:393,50,0,0
BRDA:393,50,1,0
BRDA:394,51,0,0
BRDA:394,51,1,0
BRDA:395,52,0,0
BRDA:395,52,1,0
BRDA:403,53,0,0
BRDA:411,54,0,0
BRDA:411,54,1,0
BRDA:411,54,2,0
BRDA:411,54,3,0
BRDA:411,54,4,0
BRDA:416,55,0,0
BRDA:416,55,1,0
BRDA:419,56,0,0
BRDA:419,56,1,0
BRDA:419,56,2,0
BRDA:419,56,3,0
BRDA:419,56,4,0
BRDA:422,57,0,0
BRDA:422,57,1,0
BRDA:423,58,0,0
BRDA:423,58,1,0
BRF:117
BRH:0
end_of_record
TN:
SF:src/app/api/auth/[...all]/route.ts
FNF:0
FNH:0
DA:1,0
DA:2,0
DA:4,0
LF:3
LH:0
BRF:0
BRH:0
end_of_record
TN:
SF:src/app/api/preferences/route.ts
FN:11,GET
FN:72,PATCH
FNF:2
FNH:0
FNDA:0,GET
FNDA:0,PATCH
DA:1,0
DA:2,0
DA:3,0
DA:4,0
DA:7,0
DA:8,0
DA:11,0
DA:12,0
DA:16,0
DA:17,0
DA:18,0
DA:20,0
DA:24,0
DA:25,0
DA:30,0
DA:33,0
DA:46,0
DA:47,0
DA:53,0
DA:63,0
DA:64,0
DA:72,0
DA:73,0
DA:77,0
DA:78,0
DA:79,0
DA:81,0
DA:85,0
DA:86,0
DA:91,0
DA:94,0
DA:95,0
DA:98,0
DA:99,0
DA:105,0
DA:106,0
DA:112,0
DA:113,0
DA:120,0
DA:121,0
DA:127,0
DA:128,0
DA:134,0
DA:135,0
DA:142,0
DA:143,0
DA:149,0
DA:150,0
DA:157,0
DA:158,0
DA:164,0
DA:165,0
DA:171,0
DA:193,0
DA:203,0
DA:204,0
LF:56
LH:0
BRDA:8,0,0,0
BRDA:8,0,1,0
BRDA:16,1,0,0
BRDA:16,1,1,0
BRDA:24,2,0,0
BRDA:24,2,1,0
BRDA:46,3,0,0
BRDA:46,3,1,0
BRDA:54,4,0,0
BRDA:54,4,1,0
BRDA:55,5,0,0
BRDA:55,5,1,0
BRDA:56,6,0,0
BRDA:56,6,1,0
BRDA:57,7,0,0
BRDA:57,7,1,0
BRDA:58,8,0,0
BRDA:58,8,1,0
BRDA:59,9,0,0
BRDA:59,9,1,0
BRDA:60,10,0,0
BRDA:60,10,1,0
BRDA:77,11,0,0
BRDA:77,11,1,0
BRDA:85,12,0,0
BRDA:85,12,1,0
BRDA:98,13,0,0
BRDA:98,13,1,0
BRDA:98,14,0,0
BRDA:98,14,1,0
BRDA:105,15,0,0
BRDA:105,15,1,0
BRDA:105,16,0,0
BRDA:105,16,1,0
BRDA:105,16,2,0
BRDA:105,16,3,0
BRDA:112,17,0,0
BRDA:112,17,1,0
BRDA:112,18,0,0
BRDA:112,18,1,0
BRDA:120,19,0,0
BRDA:120,19,1,0
BRDA:120,20,0,0
BRDA:120,20,1,0
BRDA:120,20,2,0
BRDA:120,20,3,0
BRDA:127,21,0,0
BRDA:127,21,1,0
BRDA:127,22,0,0
BRDA:127,22,1,0
BRDA:127,22,2,0
BRDA:127,22,3,0
BRDA:134,23,0,0
BRDA:134,23,1,0
BRDA:134,24,0,0
BRDA:134,24,1,0
BRDA:134,24,2,0
BRDA:134,24,3,0
BRDA:142,25,0,0
BRDA:142,25,1,0
BRDA:142,26,0,0
BRDA:142,26,1,0
BRDA:142,26,2,0
BRDA:149,27,0,0
BRDA:149,27,1,0
BRDA:149,28,0,0
BRDA:149,28,1,0
BRDA:149,28,2,0
BRDA:157,29,0,0
BRDA:157,29,1,0
BRDA:157,30,0,0
BRDA:157,30,1,0
BRDA:157,30,2,0
BRDA:164,31,0,0
BRDA:164,31,1,0
BRDA:164,32,0,0
BRDA:164,32,1,0
BRDA:174,33,0,0
BRDA:174,33,1,0
BRDA:175,34,0,0
BRDA:175,34,1,0
BRDA:176,35,0,0
BRDA:176,35,1,0
BRDA:177,36,0,0
BRDA:177,36,1,0
BRDA:178,37,0,0
BRDA:178,37,1,0
BRDA:179,38,0,0
BRDA:179,38,1,0
BRDA:180,39,0,0
BRDA:180,39,1,0
BRF:91
BRH:0
end_of_record
TN:
SF:src/app/list/page.tsx
FN:14,ListPage
FN:45,(anonymous_3)
FN:74,(anonymous_4)
FNF:3
FNH:0
FNDA:0,ListPage
FNDA:0,(anonymous_3)
FNDA:0,(anonymous_4)
DA:3,0
DA:4,0
DA:5,0
DA:6,0
DA:7,0
DA:8,0
DA:9,0
DA:10,0
DA:11,0
DA:12,0
DA:14,0
DA:15,0
DA:46,0
DA:75,0
LF:14
LH:0
BRDA:44,0,0,0
BRDA:60,1,0,0
BRDA:62,2,0,0
BRF:3
BRH:0
end_of_record
TN:
SF:src/app/settings/page.tsx
FN:24,SettingsPage
FN:43,(anonymous_3)
FN:60,(anonymous_4)
FN:61,(anonymous_5)
FN:77,(anonymous_6)
FN:87,(anonymous_7)
FN:118,(anonymous_8)
FN:127,(anonymous_9)
FN:132,(anonymous_10)
FN:139,(anonymous_11)
FN:165,(anonymous_12)
FN:250,(anonymous_13)
FN:255,(anonymous_14)
FN:284,(anonymous_15)
FN:306,(anonymous_16)
FN:328,(anonymous_17)
FN:362,(anonymous_18)
FN:388,(anonymous_19)
FN:456,(anonymous_20)
FN:461,(anonymous_21)
FNF:20
FNH:0
FNDA:0,SettingsPage
FNDA:0,(anonymous_3)
FNDA:0,(anonymous_4)
FNDA:0,(anonymous_5)
FNDA:0,(anonymous_6)
FNDA:0,(anonymous_7)
FNDA:0,(anonymous_8)
FNDA:0,(anonymous_9)
FNDA:0,(anonymous_10)
FNDA:0,(anonymous_11)
FNDA:0,(anonymous_12)
FNDA:0,(anonymous_13)
FNDA:0,(anonymous_14)
FNDA:0,(anonymous_15)
FNDA:0,(anonymous_16)
FNDA:0,(anonymous_17)
FNDA:0,(anonymous_18)
FNDA:0,(anonymous_19)
FNDA:0,(anonymous_20)
FNDA:0,(anonymous_21)
DA:3,0
DA:4,0
DA:5,0
DA:6,0
DA:7,0
DA:8,0
DA:9,0
DA:10,0
DA:11,0
DA:12,0
DA:13,0
DA:14,0
DA:15,0
DA:16,0
DA:17,0
DA:18,0
DA:19,0
DA:21,0
DA:22,0
DA:24,0
DA:25,0
DA:26,0
DA:27,0
DA:28,0
DA:29,0
DA:30,0
DA:31,0
DA:32,0
DA:33,0
DA:34,0
DA:35,0
DA:36,0
DA:37,0
DA:38,0
DA:39,0
DA:40,0
DA:43,0
DA:44,0
DA:45,0
DA:46,0
DA:48,0
DA:49,0
DA:50,0
DA:52,0
DA:53,0
DA:54,0
DA:56,0
DA:60,0
DA:61,0
DA:62,0
DA:63,0
DA:64,0
DA:65,0
DA:66,0
DA:69,0
DA:73,0
DA:77,0
DA:78,0
DA:79,0
DA:80,0
DA:81,0
DA:82,0
DA:83,0
DA:87,0
DA:88,0
DA:89,0
DA:90,0
DA:93,0
DA:94,0
DA:95,0
DA:98,0
DA:99,0
DA:112,0
DA:113,0
DA:114,0
DA:117,0
DA:118,0
DA:120,0
DA:121,0
DA:123,0
DA:127,0
DA:128,0
DA:129,0
DA:130,0
DA:131,0
DA:132,0
DA:133,0
DA:135,0
DA:139,0
DA:140,0
DA:142,0
DA:143,0
DA:145,0
DA:146,0
DA:147,0
DA:148,0
DA:150,0
DA:158,0
DA:159,0
DA:162,0
DA:163,0
DA:164,0
DA:165,0
DA:167,0
DA:169,0
DA:173,0
DA:251,0
DA:255,0
DA:284,0
DA:306,0
DA:328,0
DA:363,0
DA:364,0
DA:366,0
DA:367,0
DA:388,0
DA:457,0
DA:461,0
LF:118
LH:0
BRDA:44,0,0,0
BRDA:44,0,1,0
BRDA:48,1,0,0
BRDA:48,1,1,0
BRDA:52,2,0,0
BRDA:52,2,1,0
BRDA:52,3,0,0
BRDA:52,3,1,0
BRDA:64,4,0,0
BRDA:64,4,1,0
BRDA:66,5,0,0
BRDA:66,5,1,0
BRDA:78,6,0,0
BRDA:78,6,1,0
BRDA:82,7,0,0
BRDA:82,7,1,0
BRDA:93,8,0,0
BRDA:93,8,1,0
BRDA:108,9,0,0
BRDA:108,9,1,0
BRDA:112,10,0,0
BRDA:112,10,1,0
BRDA:114,11,0,0
BRDA:114,11,1,0
BRDA:121,12,0,0
BRDA:121,12,1,0
BRDA:129,13,0,0
BRDA:129,13,1,0
BRDA:140,14,0,0
BRDA:140,14,1,0
BRDA:158,15,0,0
BRDA:158,15,1,0
BRDA:167,16,0,0
BRDA:167,16,1,0
BRDA:173,17,0,0
BRDA:173,17,1,0
BRDA:201,18,0,0
BRDA:201,18,1,0
BRDA:203,19,0,0
BRDA:203,19,1,0
BRDA:203,19,2,0
BRDA:246,20,0,0
BRDA:246,20,1,0
BRDA:247,21,0,0
BRDA:247,21,1,0
BRDA:248,22,0,0
BRDA:248,22,1,0
BRDA:366,23,0,0
BRDA:366,23,1,0
BRDA:366,24,0,0
BRDA:366,24,1,0
BRDA:366,24,2,0
BRDA:381,25,0,0
BRDA:436,26,0,0
BRDA:460,27,0,0
BRDA:460,27,1,0
BRDA:473,28,0,0
BRDA:473,28,1,0
BRDA:476,29,0,0
BRDA:476,29,1,0
BRDA:481,30,0,0
BRDA:485,31,0,0
BRDA:495,32,0,0
BRDA:495,32,1,0
BRF:64
BRH:0
end_of_record
TN:
SF:src/app/sign-in/page.tsx
FN:4,SignInPage
FNF:1
FNH:0
FNDA:0,SignInPage
DA:1,0
DA:2,0
DA:4,0
LF:3
LH:0
BRF:0
BRH:0
end_of_record
TN:
SF:src/app/sign-up/page.tsx
FN:4,SignUpPage
FNF:1
FNH:0
FNDA:0,SignUpPage
DA:1,0
DA:2,0
DA:4,0
LF:3
LH:0
BRF:0
BRH:0
end_of_record
TN:
SF:src/app/tasks/[id]/page.tsx
FN:30,TaskPage
FN:57,(anonymous_3)
FN:67,(anonymous_4)
FN:74,(anonymous_5)
FN:83,(anonymous_6)
FN:92,(anonymous_7)
FN:98,(anonymous_8)
FN:104,(anonymous_9)
FN:110,(anonymous_10)
FN:116,(anonymous_11)
FN:142,(anonymous_12)
FN:168,(anonymous_13)
FN:201,(anonymous_14)
FN:254,(anonymous_15)
FN:264,(anonymous_16)
FN:278,(anonymous_17)
FN:289,(anonymous_18)
FN:370,(anonymous_19)
FN:472,(anonymous_20)
FN:530,(anonymous_21)
FN:565,(anonymous_22)
FN:576,(anonymous_23)
FNF:22
FNH:0
FNDA:0,TaskPage
FNDA:0,(anonymous_3)
FNDA:0,(anonymous_4)
FNDA:0,(anonymous_5)
FNDA:0,(anonymous_6)
FNDA:0,(anonymous_7)
FNDA:0,(anonymous_8)
FNDA:0,(anonymous_9)
FNDA:0,(anonymous_10)
FNDA:0,(anonymous_11)
FNDA:0,(anonymous_12)
FNDA:0,(anonymous_13)
FNDA:0,(anonymous_14)
FNDA:0,(anonymous_15)
FNDA:0,(anonymous_16)
FNDA:0,(anonymous_17)
FNDA:0,(anonymous_18)
FNDA:0,(anonymous_19)
FNDA:0,(anonymous_20)
FNDA:0,(anonymous_21)
FNDA:0,(anonymous_22)
FNDA:0,(anonymous_23)
DA:3,0
DA:4,0
DA:5,0
DA:6,0
DA:7,0
DA:8,0
DA:9,0
DA:10,0
DA:20,0
DA:21,0
DA:22,0
DA:23,0
DA:24,0
DA:25,0
DA:26,0
DA:27,0
DA:28,0
DA:30,0
DA:31,0
DA:32,0
DA:33,0
DA:42,0
DA:44,0
DA:45,0
DA:46,0
DA:47,0
DA:48,0
DA:49,0
DA:50,0
DA:51,0
DA:54,0
DA:57,0
DA:58,0
DA:61,0
DA:63,0
DA:65,0
DA:67,0
DA:68,0
DA:69,0
DA:70,0
DA:71,0
DA:74,0
DA:75,0
DA:76,0
DA:77,0
DA:78,0
DA:83,0
DA:84,0
DA:85,0
DA:86,0
DA:89,0
DA:92,0
DA:93,0
DA:94,0
DA:95,0
DA:98,0
DA:99,0
DA:100,0
DA:104,0
DA:105,0
DA:106,0
DA:107,0
DA:110,0
DA:111,0
DA:112,0
DA:113,0
DA:116,0
DA:117,0
DA:119,0
DA:120,0
DA:129,0
DA:131,0
DA:132,0
DA:134,0
DA:137,0
DA:138,0
DA:142,0
DA:143,0
DA:145,0
DA:146,0
DA:147,0
DA:154,0
DA:155,0
DA:157,0
DA:160,0
DA:161,0
DA:163,0
DA:164,0
DA:168,0
DA:169,0
DA:171,0
DA:172,0
DA:179,0
DA:181,0
DA:182,0
DA:184,0
DA:187,0
DA:188,0
DA:192,0
DA:202,0
DA:216,0
DA:254,0
DA:265,0
DA:266,0
DA:279,0
DA:280,0
DA:289,0
DA:371,0
DA:473,0
DA:530,0
DA:565,0
DA:576,0
LF:112
LH:0
BRDA:54,0,0,0
BRDA:54,0,1,0
BRDA:58,1,0,0
BRDA:58,1,1,0
BRDA:58,2,0,0
BRDA:58,2,1,0
BRDA:61,3,0,0
BRDA:61,3,1,0
BRDA:61,4,0,0
BRDA:61,4,1,0
BRDA:70,5,0,0
BRDA:70,5,1,0
BRDA:71,6,0,0
BRDA:71,6,1,0
BRDA:77,7,0,0
BRDA:77,7,1,0
BRDA:78,8,0,0
BRDA:78,8,1,0
BRDA:111,9,0,0
BRDA:111,9,1,0
BRDA:112,10,0,0
BRDA:112,10,1,0
BRDA:117,11,0,0
BRDA:117,11,1,0
BRDA:117,12,0,0
BRDA:117,12,1,0
BRDA:117,12,2,0
BRDA:129,13,0,0
BRDA:129,13,1,0
BRDA:143,14,0,0
BRDA:143,14,1,0
BRDA:143,15,0,0
BRDA:143,15,1,0
BRDA:154,16,0,0
BRDA:154,16,1,0
BRDA:169,17,0,0
BRDA:169,17,1,0
BRDA:169,18,0,0
BRDA:169,18,1,0
BRDA:179,19,0,0
BRDA:179,19,1,0
BRDA:192,20,0,0
BRDA:192,20,1,0
BRDA:216,21,0,0
BRDA:216,21,1,0
BRDA:247,22,0,0
BRDA:251,23,0,0
BRDA:305,24,0,0
BRDA:306,25,0,0
BRDA:306,25,1,0
BRDA:320,26,0,0
BRDA:319,27,0,0
BRDA:319,27,1,0
BRDA:319,27,2,0
BRDA:323,28,0,0
BRDA:323,28,1,0
BRDA:323,29,0,0
BRDA:323,29,1,0
BRDA:326,30,0,0
BRDA:326,30,1,0
BRDA:328,31,0,0
BRDA:328,31,1,0
BRDA:341,32,0,0
BRDA:341,32,1,0
BRDA:342,33,0,0
BRDA:342,33,1,0
BRDA:347,34,0,0
BRDA:408,35,0,0
BRDA:420,36,0,0
BRDA:420,37,0,0
BRDA:420,37,1,0
BRDA:444,38,0,0
BRDA:453,39,0,0
BRDA:453,39,1,0
BRDA:457,40,0,0
BRDA:457,40,1,0
BRDA:464,41,0,0
BRDA:464,41,1,0
BRDA:466,42,0,0
BRDA:466,42,1,0
BRDA:479,43,0,0
BRDA:479,43,1,0
BRDA:498,44,0,0
BRDA:498,44,1,0
BRDA:500,45,0,0
BRDA:500,45,1,0
BRDA:505,46,0,0
BRDA:512,47,0,0
BRDA:521,48,0,0
BRDA:521,48,1,0
BRDA:558,49,0,0
BRDA:558,49,1,0
BRDA:565,50,0,0
BRDA:565,50,1,0
BRDA:576,51,0,0
BRDA:576,51,1,0
BRF:96
BRH:0
end_of_record
TN:
SF:src/components/EmptyState.tsx
FN:61,EmptyState
FNF:1
FNH:0
FNDA:0,EmptyState
DA:6,0
DA:7,0
DA:9,0
DA:61,0
DA:69,0
DA:76,0
DA:83,0
LF:7
LH:0
BRDA:63,0,0,0
BRDA:67,1,0,0
BRDA:93,2,0,0
BRDA:93,2,1,0
BRDA:99,3,0,0
BRDA:102,4,0,0
BRDA:104,5,0,0
BRDA:110,6,0,0
BRF:8
BRH:0
end_of_record
TN:
SF:src/components/FontColorPicker.tsx
FN:23,FontColorPicker
FN:38,(anonymous_3)
FN:45,(anonymous_4)
FN:52,(anonymous_5)
FN:55,(anonymous_6)
FNF:5
FNH:0
FNDA:0,FontColorPicker
FNDA:0,(anonymous_3)
FNDA:0,(anonymous_4)
FNDA:0,(anonymous_5)
FNDA:0,(anonymous_6)
DA:5,0
DA:6,0
DA:7,0
DA:17,0
DA:23,0
DA:38,0
DA:45,0
DA:53,0
DA:55,0
LF:9
LH:0
BRDA:26,0,0,0
BRDA:27,1,0,0
BRDA:28,2,0,0
BRDA:58,3,0,0
BRDA:58,3,1,0
BRDA:59,4,0,0
BRDA:59,4,1,0
BRF:7
BRH:0
end_of_record
TN:
SF:src/components/FontCustomization.tsx
FN:28,FontCustomization
FN:37,(anonymous_5)
FN:41,(anonymous_6)
FN:45,(anonymous_7)
FN:53,(anonymous_8)
FN:67,(anonymous_9)
FNF:6
FNH:0
FNDA:0,FontCustomization
FNDA:0,(anonymous_5)
FNDA:0,(anonymous_6)
FNDA:0,(anonymous_7)
FNDA:0,(anonymous_8)
FNDA:0,(anonymous_9)
DA:5,0
DA:6,0
DA:7,0
DA:8,0
DA:9,0
DA:10,0
DA:11,0
DA:12,0
DA:28,0
DA:35,0
DA:37,0
DA:38,0
DA:41,0
DA:42,0
DA:45,0
DA:46,0
DA:49,0
DA:53,0
DA:67,0
LF:19
LH:0
BRDA:31,0,0,0
BRDA:32,1,0,0
BRDA:33,2,0,0
BRDA:49,3,0,0
BRDA:49,3,1,0
BRDA:49,4,0,0
BRDA:49,4,1,0
BRDA:66,5,0,0
BRDA:74,6,0,0
BRDA:115,7,0,0
BRF:10
BRH:0
end_of_record
TN:
SF:src/components/FontPreview.tsx
FN:19,FontPreview
FNF:1
FNH:0
FNDA:0,FontPreview
DA:5,0
DA:19,0
LF:2
LH:0
BRDA:24,0,0,0
BRDA:41,1,0,0
BRDA:41,1,1,0
BRF:3
BRH:0
end_of_record
TN:
SF:src/components/FontSelector.tsx
FN:18,FontSelector
FN:30,(anonymous_5)
FN:36,(anonymous_6)
FN:44,(anonymous_7)
FN:54,(anonymous_8)
FN:60,(anonymous_9)
FN:61,(anonymous_10)
FN:62,(anonymous_11)
FN:69,(anonymous_12)
FN:89,(anonymous_13)
FN:121,(anonymous_14)
FN:124,(anonymous_15)
FN:148,(anonymous_16)
FN:151,(anonymous_17)
FN:178,(anonymous_18)
FNF:15
FNH:0
FNDA:0,FontSelector
FNDA:0,(anonymous_5)
FNDA:0,(anonymous_6)
FNDA:0,(anonymous_7)
FNDA:0,(anonymous_8)
FNDA:0,(anonymous_9)
FNDA:0,(anonymous_10)
FNDA:0,(anonymous_11)
FNDA:0,(anonymous_12)
FNDA:0,(anonymous_13)
FNDA:0,(anonymous_14)
FNDA:0,(anonymous_15)
FNDA:0,(anonymous_16)
FNDA:0,(anonymous_17)
FNDA:0,(anonymous_18)
DA:5,0
DA:6,0
DA:7,0
DA:8,0
DA:9,0
DA:18,0
DA:23,0
DA:24,0
DA:25,0
DA:26,0
DA:27,0
DA:30,0
DA:31,0
DA:32,0
DA:34,0
DA:35,0
DA:37,0
DA:40,0
DA:44,0
DA:45,0
DA:46,0
DA:47,0
DA:48,0
DA:50,0
DA:54,0
DA:55,0
DA:56,0
DA:57,0
DA:60,0
DA:61,0
DA:62,0
DA:69,0
DA:89,0
DA:122,0
DA:124,0
DA:149,0
DA:151,0
DA:178,0
LF:38
LH:0
BRDA:21,0,0,0
BRDA:31,1,0,0
BRDA:31,1,1,0
BRDA:37,2,0,0
BRDA:37,2,1,0
BRDA:73,3,0,0
BRDA:73,3,1,0
BRDA:79,4,0,0
BRDA:100,5,0,0
BRDA:100,5,1,0
BRDA:108,6,0,0
BRDA:110,7,0,0
BRDA:112,8,0,0
BRDA:116,9,0,0
BRDA:130,10,0,0
BRDA:130,10,1,0
BRDA:131,11,0,0
BRDA:131,11,1,0
BRDA:134,12,0,0
BRDA:143,13,0,0
BRDA:157,14,0,0
BRDA:157,14,1,0
BRDA:158,15,0,0
BRDA:158,15,1,0
BRDA:161,16,0,0
BRDA:175,17,0,0
BRF:26
BRH:0
end_of_record
TN:
SF:src/components/FontSizeSlider.tsx
FN:22,FontSizeSlider
FN:44,(anonymous_3)
FNF:2
FNH:0
FNDA:0,FontSizeSlider
FNDA:0,(anonymous_3)
DA:5,0
DA:6,0
DA:7,0
DA:22,0
DA:44,0
LF:5
LH:0
BRDA:25,0,0,0
BRDA:26,1,0,0
BRDA:27,2,0,0
BRDA:28,3,0,0
BRF:4
BRH:0
end_of_record
TN:
SF:src/components/ProcessingStatus.tsx
FN:55,ProcessingStatus
FN:62,(anonymous_3)
FNF:2
FNH:2
FNDA:38,ProcessingStatus
FNDA:38,(anonymous_3)
DA:5,1
DA:6,1
DA:7,1
DA:55,38
DA:62,38
DA:63,38
DA:65,5
DA:67,21
DA:69,5
DA:71,7
DA:73,0
DA:77,38
LF:12
LH:11
BRDA:63,0,0,5
BRDA:63,0,1,21
BRDA:63,0,2,5
BRDA:63,0,3,7
BRDA:63,0,4,0
BRDA:98,1,0,38
BRDA:105,2,0,38
BRF:7
BRH:6
end_of_record
TN:
SF:src/components/StatusBadge.tsx
FN:8,StatusBadge
FNF:1
FNH:0
FNDA:0,StatusBadge
DA:1,0
DA:2,0
DA:8,0
DA:9,0
LF:4
LH:0
BRDA:9,0,0,0
BRF:1
BRH:0
end_of_record
TN:
SF:src/components/TaskCard.tsx
FN:41,TaskCard
FNF:1
FNH:0
FNDA:0,TaskCard
DA:6,0
DA:7,0
DA:8,0
DA:9,0
DA:10,0
DA:11,0
DA:41,0
DA:47,0
DA:80,0
DA:84,0
LF:10
LH:0
BRDA:43,0,0,0
BRDA:44,1,0,0
BRDA:47,2,0,0
BRDA:47,2,1,0
BRDA:68,3,0,0
BRDA:68,3,1,0
BRDA:80,4,0,0
BRDA:80,4,1,0
BRF:8
BRH:0
end_of_record
TN:
SF:src/components/dynamic-video-player.tsx
FN:12,(anonymous_4)
FN:24,(anonymous_5)
FNF:2
FNH:0
FNDA:0,(anonymous_4)
FNDA:0,(anonymous_5)
DA:1,0
DA:12,0
DA:20,0
DA:22,0
DA:24,0
DA:25,0
DA:26,0
DA:80,0
LF:8
LH:0
BRDA:14,0,0,0
BRDA:15,1,0,0
BRDA:16,2,0,0
BRDA:17,3,0,0
BRDA:18,4,0,0
BRDA:25,5,0,0
BRDA:25,5,1,0
BRDA:37,6,0,0
BRDA:37,6,1,0
BRDA:61,7,0,0
BRDA:61,7,1,0
BRF:11
BRH:0
end_of_record
TN:
SF:src/components/alerts/ErrorAlert.tsx
FN:21,ErrorAlert
FNF:1
FNH:0
FNDA:0,ErrorAlert
DA:6,0
DA:7,0
DA:21,0
LF:3
LH:0
BRDA:21,0,0,0
BRF:1
BRH:0
end_of_record
TN:
SF:src/components/alerts/SuccessAlert.tsx
FN:21,SuccessAlert
FNF:1
FNH:0
FNDA:0,SuccessAlert
DA:6,0
DA:7,0
DA:21,0
LF:3
LH:0
BRDA:21,0,0,0
BRF:1
BRH:0
end_of_record
TN:
SF:src/components/auth/AuthGuard.tsx
FN:19,DefaultLoadingSkeleton
FN:34,DefaultUnauthenticatedView
FN:90,SimpleUnauthenticatedView
FN:129,AuthGuard
FNF:4
FNH:0
FNDA:0,DefaultLoadingSkeleton
FNDA:0,DefaultUnauthenticatedView
FNDA:0,SimpleUnauthenticatedView
FNDA:0,AuthGuard
DA:3,0
DA:4,0
DA:5,0
DA:6,0
DA:7,0
DA:8,0
DA:90,0
DA:129,0
DA:134,0
DA:137,0
DA:142,0
LF:11
LH:0
BRDA:137,0,0,0
BRDA:137,0,1,0
BRDA:138,1,0,0
BRDA:138,1,1,0
BRDA:142,2,0,0
BRDA:142,2,1,0
BRDA:143,3,0,0
BRDA:143,3,1,0
BRF:8
BRH:0
end_of_record
TN:
SF:src/components/auth/sign-in.tsx
FN:10,SignIn
FN:17,(anonymous_2)
FN:37,(anonymous_3)
FN:55,(anonymous_4)
FN:63,(anonymous_5)
FNF:5
FNH:0
FNDA:0,SignIn
FNDA:0,(anonymous_2)
FNDA:0,(anonymous_3)
FNDA:0,(anonymous_4)
FNDA:0,(anonymous_5)
DA:3,0
DA:4,0
DA:5,0
DA:6,0
DA:7,0
DA:8,0
DA:10,0
DA:11,0
DA:12,0
DA:13,0
DA:14,0
DA:15,0
DA:17,0
DA:18,0
DA:19,0
DA:20,0
DA:22,0
DA:27,0
DA:28,0
DA:29,0
DA:30,0
DA:33,0
DA:34,0
DA:37,0
DA:38,0
DA:39,0
DA:55,0
DA:63,0
LF:28
LH:0
BRDA:27,0,0,0
BRDA:27,0,1,0
BRDA:28,1,0,0
BRDA:28,1,1,0
BRDA:68,2,0,0
BRDA:68,2,1,0
BRDA:71,3,0,0
BRDA:72,4,0,0
BRDA:72,4,1,0
BRF:9
BRH:0
end_of_record
TN:
SF:src/components/auth/sign-up.tsx
FN:9,SignUp
FN:16,(anonymous_2)
FN:37,(anonymous_3)
FN:54,(anonymous_4)
FN:62,(anonymous_5)
FN:70,(anonymous_6)
FNF:6
FNH:0
FNDA:0,SignUp
FNDA:0,(anonymous_2)
FNDA:0,(anonymous_3)
FNDA:0,(anonymous_4)
FNDA:0,(anonymous_5)
FNDA:0,(anonymous_6)
DA:3,0
DA:4,0
DA:5,0
DA:6,0
DA:7,0
DA:9,0
DA:10,0
DA:11,0
DA:12,0
DA:13,0
DA:14,0
DA:16,0
DA:17,0
DA:18,0
DA:19,0
DA:21,0
DA:27,0
DA:28,0
DA:29,0
DA:30,0
DA:33,0
DA:34,0
DA:37,0
DA:38,0
DA:54,0
DA:62,0
DA:70,0
LF:27
LH:0
BRDA:27,0,0,0
BRDA:27,0,1,0
BRDA:28,1,0,0
BRDA:28,1,1,0
BRDA:76,2,0,0
BRDA:76,2,1,0
BRDA:79,3,0,0
BRDA:80,4,0,0
BRDA:80,4,1,0
BRF:9
BRH:0
end_of_record
TN:
SF:src/components/ui/alert-dialog.tsx
FNF:0
FNH:0
DA:3,0
DA:4,0
DA:6,0
DA:7,0
DA:9,0
DA:11,0
DA:13,0
DA:28,0
DA:46,0
DA:60,0
DA:74,0
DA:86,0
DA:98,0
DA:111,0
DA:127,0
DA:130,0
DA:131,0
DA:132,0
DA:133,0
DA:134,0
DA:135,0
DA:136,0
DA:137,0
DA:138,0
DA:139,0
DA:140,0
LF:26
LH:0
BRF:0
BRH:0
end_of_record
TN:
SF:src/components/ui/alert.tsx
FN:22,Alert
FN:37,AlertTitle
FN:50,AlertDescription
FNF:3
FNH:0
FNDA:0,Alert
FNDA:0,AlertTitle
FNDA:0,AlertDescription
DA:1,0
DA:2,0
DA:4,0
DA:6,0
DA:66,0
LF:5
LH:0
BRF:0
BRH:0
end_of_record
TN:
SF:src/components/ui/avatar.tsx
FN:8,Avatar
FN:24,AvatarImage
FN:37,AvatarFallback
FNF:3
FNH:0
FNDA:0,Avatar
FNDA:0,AvatarImage
FNDA:0,AvatarFallback
DA:3,0
DA:4,0
DA:6,0
DA:53,0
LF:4
LH:0
BRF:0
BRH:0
end_of_record
TN:
SF:src/components/ui/badge.tsx
FN:28,Badge
FNF:1
FNH:0
FNDA:0,Badge
DA:1,0
DA:2,0
DA:3,0
DA:5,0
DA:7,0
DA:35,0
DA:46,0
LF:7
LH:0
BRDA:31,0,0,0
BRDA:35,1,0,0
BRDA:35,1,1,0
BRF:3
BRH:0
end_of_record
TN:
SF:src/components/ui/button.tsx
FN:39,Button
FNF:1
FNH:0
FNDA:0,Button
DA:1,0
DA:2,0
DA:3,0
DA:5,0
DA:7,0
DA:49,0
DA:60,0
LF:7
LH:0
BRDA:43,0,0,0
BRDA:49,1,0,0
BRDA:49,1,1,0
BRF:3
BRH:0
end_of_record
TN:
SF:src/components/ui/card.tsx
FN:5,Card
FN:15,CardHeader
FN:28,CardTitle
FN:32,CardDescription
FN:36,CardAction
FN:46,CardContent
FN:50,CardFooter
FNF:7
FNH:0
FNDA:0,Card
FNDA:0,CardHeader
FNDA:0,CardTitle
FNDA:0,CardDescription
FNDA:0,CardAction
FNDA:0,CardContent
FNDA:0,CardFooter
DA:1,0
DA:3,0
DA:56,0
LF:3
LH:0
BRF:0
BRH:0
end_of_record
TN:
SF:src/components/ui/checkbox.tsx
FN:9,Checkbox
FNF:1
FNH:0
FNDA:0,Checkbox
DA:3,0
DA:4,0
DA:5,0
DA:7,0
DA:32,0
LF:5
LH:0
BRF:0
BRH:0
end_of_record
TN:
SF:src/components/ui/input.tsx
FN:5,Input
FNF:1
FNH:0
FNDA:0,Input
DA:1,0
DA:3,0
DA:21,0
LF:3
LH:0
BRF:0
BRH:0
end_of_record
TN:
SF:src/components/ui/label.tsx
FN:8,Label
FNF:1
FNH:0
FNDA:0,Label
DA:3,0
DA:4,0
DA:6,0
DA:24,0
LF:4
LH:0
BRF:0
BRH:0
end_of_record
TN:
SF:src/components/ui/progress.tsx
FN:8,Progress
FNF:1
FNH:0
FNDA:0,Progress
DA:3,0
DA:4,0
DA:6,0
DA:31,0
LF:4
LH:0
BRDA:25,0,0,0
BRDA:25,0,1,0
BRF:2
BRH:0
end_of_record
TN:
SF:src/components/ui/select.tsx
FN:9,Select
FN:15,SelectGroup
FN:21,SelectValue
FN:27,SelectTrigger
FN:53,SelectContent
FN:88,SelectLabel
FN:101,SelectItem
FN:125,SelectSeparator
FN:138,SelectScrollUpButton
FN:156,SelectScrollDownButton
FNF:10
FNH:0
FNDA:0,Select
FNDA:0,SelectGroup
FNDA:0,SelectValue
FNDA:0,SelectTrigger
FNDA:0,SelectContent
FNDA:0,SelectLabel
FNDA:0,SelectItem
FNDA:0,SelectSeparator
FNDA:0,SelectScrollUpButton
FNDA:0,SelectScrollDownButton
DA:3,0
DA:4,0
DA:5,0
DA:7,0
DA:175,0
DA:176,0
DA:177,0
DA:178,0
DA:179,0
DA:180,0
DA:181,0
DA:182,0
DA:183,0
DA:184,0
LF:14
LH:0
BRDA:29,0,0,0
BRDA:56,1,0,0
BRDA:65,2,0,0
BRDA:65,2,1,0
BRDA:76,3,0,0
BRDA:76,3,1,0
BRF:6
BRH:0
end_of_record
TN:
SF:src/components/ui/separator.tsx
FN:8,Separator
FNF:1
FNH:0
FNDA:0,Separator
DA:3,0
DA:4,0
DA:6,0
DA:28,0
LF:4
LH:0
BRDA:10,0,0,0
BRDA:11,1,0,0
BRF:2
BRH:0
end_of_record
TN:
SF:src/components/ui/skeleton.tsx
FN:3,Skeleton
FNF:1
FNH:0
FNDA:0,Skeleton
DA:1,0
DA:13,0
LF:2
LH:0
BRF:0
BRH:0
end_of_record
TN:
SF:src/components/ui/slider.tsx
FNF:0
FNH:0
DA:3,0
DA:4,0
DA:6,0
DA:26,0
DA:28,0
LF:5
LH:0
BRF:0
BRH:0
end_of_record
TN:
SF:src/components/ui/sonner.tsx
FN:6,(anonymous_1)
FNF:1
FNH:0
FNDA:0,(anonymous_1)
DA:3,0
DA:4,0
DA:6,0
DA:7,0
DA:25,0
LF:5
LH:0
BRDA:7,0,0,0
BRF:1
BRH:0
end_of_record
TN:
SF:src/components/ui/textarea.tsx
FN:5,Textarea
FNF:1
FNH:0
FNDA:0,Textarea
DA:1,0
DA:3,0
DA:18,0
LF:3
LH:0
BRF:0
BRH:0
end_of_record
TN:
SF:src/generated/prisma/client.js
FNF:0
FNH:0
DA:5,0
LF:1
LH:0
BRF:0
BRH:0
end_of_record
TN:
SF:src/generated/prisma/default.js
FNF:0
FNH:0
DA:5,0
LF:1
LH:0
BRF:0
BRH:0
end_of_record
TN:
SF:src/generated/prisma/edge.js
FN:285,(anonymous_0)
FNF:1
FNH:0
FNDA:0,(anonymous_0)
DA:6,0
DA:30,0
DA:33,0
DA:35,0
DA:36,0
DA:42,0
DA:47,0
DA:48,0
DA:49,0
DA:50,0
DA:51,0
DA:52,0
DA:57,0
DA:58,0
DA:59,0
DA:60,0
DA:61,0
DA:66,0
DA:67,0
DA:72,0
DA:73,0
DA:74,0
DA:76,0
DA:89,0
DA:93,0
DA:113,0
DA:126,0
DA:134,0
DA:150,0
DA:161,0
DA:177,0
DA:186,0
DA:191,0
DA:196,0
DA:201,0
DA:207,0
DA:213,0
DA:225,0
DA:278,0
DA:280,0
DA:281,0
DA:282,0
DA:283,0
DA:285,0
DA:291,0
DA:292,0
DA:295,0
DA:296,0
DA:297,0
LF:49
LH:0
BRDA:287,0,0,0
BRDA:287,0,1,0
BRDA:287,0,2,0
BRDA:287,0,3,0
BRDA:287,0,4,0
BRDA:287,0,5,0
BRDA:291,1,0,0
BRDA:291,1,1,0
BRDA:291,2,0,0
BRDA:291,2,1,0
BRDA:291,2,2,0
BRDA:291,2,3,0
BRDA:291,2,4,0
BRDA:291,2,5,0
BRDA:292,3,0,0
BRDA:292,3,1,0
BRDA:292,3,2,0
BRDA:292,3,3,0
BRDA:292,3,4,0
BRDA:292,3,5,0
BRF:20
BRH:0
end_of_record
TN:
SF:src/generated/prisma/index-browser.js
FN:32,(anonymous_0)
FN:37,(anonymous_1)
FN:42,(anonymous_2)
FN:47,(anonymous_3)
FN:52,(anonymous_4)
FN:62,(anonymous_5)
FN:67,(anonymous_6)
FN:72,(anonymous_7)
FN:77,(anonymous_8)
FN:87,(anonymous_9)
FN:92,(anonymous_10)
FN:255,(anonymous_11)
FN:257,(anonymous_12)
FNF:13
FNH:0
FNDA:0,(anonymous_0)
FNDA:0,(anonymous_1)
FNDA:0,(anonymous_2)
FNDA:0,(anonymous_3)
FNDA:0,(anonymous_4)
FNDA:0,(anonymous_5)
FNDA:0,(anonymous_6)
FNDA:0,(anonymous_7)
FNDA:0,(anonymous_8)
FNDA:0,(anonymous_9)
FNDA:0,(anonymous_10)
FNDA:0,(anonymous_11)
FNDA:0,(anonymous_12)
DA:6,0
DA:15,0
DA:18,0
DA:20,0
DA:21,0
DA:27,0
DA:32,0
DA:33,0
DA:34,0
DA:37,0
DA:38,0
DA:39,0
DA:42,0
DA:43,0
DA:44,0
DA:47,0
DA:48,0
DA:49,0
DA:52,0
DA:53,0
DA:54,0
DA:57,0
DA:62,0
DA:63,0
DA:64,0
DA:67,0
DA:68,0
DA:69,0
DA:72,0
DA:73,0
DA:74,0
DA:77,0
DA:78,0
DA:79,0
DA:82,0
DA:87,0
DA:88,0
DA:89,0
DA:92,0
DA:93,0
DA:94,0
DA:101,0
DA:102,0
DA:103,0
DA:105,0
DA:117,0
DA:121,0
DA:141,0
DA:154,0
DA:162,0
DA:178,0
DA:189,0
DA:205,0
DA:214,0
DA:219,0
DA:224,0
DA:229,0
DA:235,0
DA:241,0
DA:256,0
DA:259,0
DA:260,0
DA:261,0
DA:266,0
DA:269,0
DA:272,0
DA:278,0
DA:280,0
LF:68
LH:0
BRDA:260,0,0,0
BRDA:260,0,1,0
BRF:2
BRH:0
end_of_record
TN:
SF:src/generated/prisma/index.js
FN:289,(anonymous_0)
FNF:1
FNH:0
FNDA:0,(anonymous_0)
DA:6,0
DA:30,0
DA:33,0
DA:35,0
DA:36,0
DA:42,0
DA:47,0
DA:48,0
DA:49,0
DA:50,0
DA:51,0
DA:52,0
DA:57,0
DA:58,0
DA:59,0
DA:60,0
DA:61,0
DA:66,0
DA:67,0
DA:72,0
DA:73,0
DA:74,0
DA:76,0
DA:85,0
DA:90,0
DA:94,0
DA:114,0
DA:127,0
DA:135,0
DA:151,0
DA:162,0
DA:178,0
DA:187,0
DA:192,0
DA:197,0
DA:202,0
DA:208,0
DA:214,0
DA:226,0
DA:280,0
DA:282,0
DA:283,0
DA:284,0
DA:289,0
DA:290,0
DA:293,0
DA:294,0
DA:297,0
DA:298,0
DA:299,0
DA:300,0
DA:303,0
DA:305,0
DA:310,0
DA:311,0
DA:312,0
DA:315,0
DA:316,0
DA:319,0
DA:320,0
DA:322,0
DA:323,0
LF:62
LH:0
BRDA:283,0,0,0
BRDA:283,0,1,0
BRDA:289,1,0,0
BRDA:289,1,1,0
BRDA:306,2,0,0
BRDA:306,2,1,0
BRDA:307,3,0,0
BRDA:307,3,1,0
BRF:8
BRH:0
end_of_record
TN:
SF:src/generated/prisma/query_engine_bg.js
FN:1,(anonymous_0)
FN:1,(anonymous_1)
FN:1,(anonymous_2)
FN:1,(anonymous_3)
FN:1,(anonymous_4)
FN:1,(anonymous_5)
FN:1,(anonymous_6)
FN:1,(anonymous_7)
FN:1,(anonymous_8)
FN:1,(anonymous_9)
FN:1,(anonymous_10)
FN:1,(anonymous_11)
FN:1,(anonymous_12)
FN:1,(anonymous_13)
FN:1,(anonymous_14)
FN:1,(anonymous_15)
FN:1,(anonymous_16)
FN:1,(anonymous_17)
FN:1,(anonymous_18)
FN:1,(anonymous_19)
FN:1,(anonymous_20)
FN:1,(anonymous_21)
FN:1,(anonymous_22)
FN:1,(anonymous_23)
FN:1,(anonymous_24)
FN:1,(anonymous_25)
FN:1,(anonymous_26)
FN:1,(anonymous_27)
FN:1,(anonymous_28)
FN:1,(anonymous_29)
FN:1,(anonymous_30)
FN:1,(anonymous_31)
FN:1,(anonymous_32)
FN:1,(anonymous_33)
FN:1,(anonymous_34)
FN:1,(anonymous_35)
FN:1,(anonymous_36)
FN:1,(anonymous_37)
FN:1,(anonymous_38)
FN:1,(anonymous_39)
FN:1,(anonymous_40)
FN:1,(anonymous_41)
FN:1,(anonymous_42)
FN:1,(anonymous_43)
FN:1,(anonymous_44)
FN:1,(anonymous_45)
FN:1,(anonymous_46)
FN:1,(anonymous_47)
FN:1,(anonymous_48)
FN:1,(anonymous_49)
FN:1,(anonymous_50)
FN:1,(anonymous_51)
FN:1,(anonymous_52)
FN:1,(anonymous_53)
FN:1,(anonymous_54)
FN:1,(anonymous_55)
FN:1,(anonymous_56)
FN:1,(anonymous_57)
FN:1,(anonymous_58)
FN:1,(anonymous_59)
FN:1,(anonymous_60)
FN:1,(anonymous_61)
FN:1,(anonymous_62)
FN:1,(anonymous_63)
FN:1,(anonymous_64)
FN:1,(anonymous_65)
FN:1,(anonymous_66)
FN:1,(anonymous_67)
FN:1,(anonymous_68)
FN:1,(anonymous_69)
FN:1,(anonymous_70)
FN:1,(anonymous_71)
FN:1,(anonymous_72)
FN:1,(anonymous_73)
FN:1,(anonymous_74)
FN:1,(anonymous_75)
FN:1,(anonymous_76)
FN:1,(anonymous_77)
FN:1,(anonymous_78)
FN:1,(anonymous_79)
FN:1,(anonymous_80)
FN:1,(anonymous_81)
FN:1,(anonymous_82)
FN:1,(anonymous_83)
FN:1,(anonymous_84)
FN:1,(anonymous_85)
FN:1,(anonymous_86)
FN:1,(anonymous_87)
FN:1,(anonymous_88)
FN:1,(anonymous_89)
FN:1,(anonymous_90)
FN:1,(anonymous_91)
FN:1,(anonymous_92)
FN:1,(anonymous_93)
FN:1,(anonymous_94)
FN:1,$
FN:1,p
FN:1,W
FN:1,S
FN:1,(anonymous_99)
FN:1,b
FN:1,l
FN:1,a
FN:1,q
FN:2,y
FN:2,g
FN:2,k
FN:2,(anonymous_107)
FN:2,(anonymous_108)
FN:2,(anonymous_109)
FN:2,z
FN:2,(anonymous_111)
FN:2,(anonymous_112)
FN:2,M
FN:2,P
FN:2,G
FN:2,Q
FN:2,H
FN:2,(anonymous_118)
FN:2,(anonymous_119)
FN:2,(anonymous_120)
FN:2,(anonymous_121)
FN:2,(anonymous_122)
FN:2,(anonymous_123)
FN:2,(anonymous_124)
FN:2,(anonymous_125)
FN:2,(anonymous_126)
FN:2,(anonymous_127)
FN:2,(anonymous_128)
FN:2,(anonymous_129)
FN:2,(anonymous_130)
FN:2,(anonymous_131)
FN:2,J
FN:2,X
FN:2,Y
FN:2,K
FN:2,Z
FN:2,ee
FN:2,te
FN:2,ne
FN:2,re
FN:2,_e
FN:2,oe
FN:2,ce
FN:2,ie
FN:2,se
FN:2,ue
FN:2,be
FN:2,fe
FN:2,ae
FN:2,ge
FN:2,(anonymous_151)
FN:2,le
FN:2,(anonymous_153)
FN:2,de
FN:2,we
FN:2,pe
FN:2,xe
FN:2,(anonymous_158)
FN:2,ye
FN:2,me
FN:2,he
FN:2,(anonymous_162)
FN:2,Te
FN:2,(anonymous_164)
FN:2,Ae
FN:2,Se
FN:2,(anonymous_167)
FN:2,Fe
FN:2,Ie
FN:2,qe
FN:2,ke
FN:2,Ee
FN:2,Oe
FN:2,Me
FN:2,ve
FN:2,De
FN:2,je
FN:2,Be
FN:2,Re
FN:2,Ue
FN:2,Le
FN:2,(anonymous_182)
FN:2,Ne
FN:2,Ce
FN:2,$e
FN:2,Ve
FN:2,We
FN:2,ze
FN:2,Pe
FN:2,(anonymous_190)
FN:2,Ge
FN:2,Qe
FN:2,He
FN:2,Je
FN:2,Xe
FN:2,(anonymous_196)
FN:2,Ye
FN:2,Ke
FN:2,Ze
FN:2,et
FN:2,tt
FN:2,nt
FN:2,(anonymous_203)
FN:2,rt
FN:2,(anonymous_205)
FN:2,_t
FN:2,ot
FN:2,ct
FN:2,it
FN:2,st
FN:2,ut
FN:2,(anonymous_212)
FN:2,bt
FN:2,ft
FN:2,at
FN:2,gt
FN:2,lt
FN:2,dt
FN:2,wt
FN:2,pt
FN:2,xt
FN:2,yt
FN:2,mt
FN:2,ht
FN:2,Tt
FN:2,At
FN:2,St
FN:2,Ft
FN:2,It
FNF:230
FNH:0
FNDA:0,(anonymous_0)
FNDA:0,(anonymous_1)
FNDA:0,(anonymous_2)
FNDA:0,(anonymous_3)
FNDA:0,(anonymous_4)
FNDA:0,(anonymous_5)
FNDA:0,(anonymous_6)
FNDA:0,(anonymous_7)
FNDA:0,(anonymous_8)
FNDA:0,(anonymous_9)
FNDA:0,(anonymous_10)
FNDA:0,(anonymous_11)
FNDA:0,(anonymous_12)
FNDA:0,(anonymous_13)
FNDA:0,(anonymous_14)
FNDA:0,(anonymous_15)
FNDA:0,(anonymous_16)
FNDA:0,(anonymous_17)
FNDA:0,(anonymous_18)
FNDA:0,(anonymous_19)
FNDA:0,(anonymous_20)
FNDA:0,(anonymous_21)
FNDA:0,(anonymous_22)
FNDA:0,(anonymous_23)
FNDA:0,(anonymous_24)
FNDA:0,(anonymous_25)
FNDA:0,(anonymous_26)
FNDA:0,(anonymous_27)
FNDA:0,(anonymous_28)
FNDA:0,(anonymous_29)
FNDA:0,(anonymous_30)
FNDA:0,(anonymous_31)
FNDA:0,(anonymous_32)
FNDA:0,(anonymous_33)
FNDA:0,(anonymous_34)
FNDA:0,(anonymous_35)
FNDA:0,(anonymous_36)
FNDA:0,(anonymous_37)
FNDA:0,(anonymous_38)
FNDA:0,(anonymous_39)
FNDA:0,(anonymous_40)
FNDA:0,(anonymous_41)
FNDA:0,(anonymous_42)
FNDA:0,(anonymous_43)
FNDA:0,(anonymous_44)
FNDA:0,(anonymous_45)
FNDA:0,(anonymous_46)
FNDA:0,(anonymous_47)
FNDA:0,(anonymous_48)
FNDA:0,(anonymous_49)
FNDA:0,(anonymous_50)
FNDA:0,(anonymous_51)
FNDA:0,(anonymous_52)
FNDA:0,(anonymous_53)
FNDA:0,(anonymous_54)
FNDA:0,(anonymous_55)
FNDA:0,(anonymous_56)
FNDA:0,(anonymous_57)
FNDA:0,(anonymous_58)
FNDA:0,(anonymous_59)
FNDA:0,(anonymous_60)
FNDA:0,(anonymous_61)
FNDA:0,(anonymous_62)
FNDA:0,(anonymous_63)
FNDA:0,(anonymous_64)
FNDA:0,(anonymous_65)
FNDA:0,(anonymous_66)
FNDA:0,(anonymous_67)
FNDA:0,(anonymous_68)
FNDA:0,(anonymous_69)
FNDA:0,(anonymous_70)
FNDA:0,(anonymous_71)
FNDA:0,(anonymous_72)
FNDA:0,(anonymous_73)
FNDA:0,(anonymous_74)
FNDA:0,(anonymous_75)
FNDA:0,(anonymous_76)
FNDA:0,(anonymous_77)
FNDA:0,(anonymous_78)
FNDA:0,(anonymous_79)
FNDA:0,(anonymous_80)
FNDA:0,(anonymous_81)
FNDA:0,(anonymous_82)
FNDA:0,(anonymous_83)
FNDA:0,(anonymous_84)
FNDA:0,(anonymous_85)
FNDA:0,(anonymous_86)
FNDA:0,(anonymous_87)
FNDA:0,(anonymous_88)
FNDA:0,(anonymous_89)
FNDA:0,(anonymous_90)
FNDA:0,(anonymous_91)
FNDA:0,(anonymous_92)
FNDA:0,(anonymous_93)
FNDA:0,(anonymous_94)
FNDA:0,$
FNDA:0,p
FNDA:0,W
FNDA:0,S
FNDA:0,(anonymous_99)
FNDA:0,b
FNDA:0,l
FNDA:0,a
FNDA:0,q
FNDA:0,y
FNDA:0,g
FNDA:0,k
FNDA:0,(anonymous_107)
FNDA:0,(anonymous_108)
FNDA:0,(anonymous_109)
FNDA:0,z
FNDA:0,(anonymous_111)
FNDA:0,(anonymous_112)
FNDA:0,M
FNDA:0,P
FNDA:0,G
FNDA:0,Q
FNDA:0,H
FNDA:0,(anonymous_118)
FNDA:0,(anonymous_119)
FNDA:0,(anonymous_120)
FNDA:0,(anonymous_121)
FNDA:0,(anonymous_122)
FNDA:0,(anonymous_123)
FNDA:0,(anonymous_124)
FNDA:0,(anonymous_125)
FNDA:0,(anonymous_126)
FNDA:0,(anonymous_127)
FNDA:0,(anonymous_128)
FNDA:0,(anonymous_129)
FNDA:0,(anonymous_130)
FNDA:0,(anonymous_131)
FNDA:0,J
FNDA:0,X
FNDA:0,Y
FNDA:0,K
FNDA:0,Z
FNDA:0,ee
FNDA:0,te
FNDA:0,ne
FNDA:0,re
FNDA:0,_e
FNDA:0,oe
FNDA:0,ce
FNDA:0,ie
FNDA:0,se
FNDA:0,ue
FNDA:0,be
FNDA:0,fe
FNDA:0,ae
FNDA:0,ge
FNDA:0,(anonymous_151)
FNDA:0,le
FNDA:0,(anonymous_153)
FNDA:0,de
FNDA:0,we
FNDA:0,pe
FNDA:0,xe
FNDA:0,(anonymous_158)
FNDA:0,ye
FNDA:0,me
FNDA:0,he
FNDA:0,(anonymous_162)
FNDA:0,Te
FNDA:0,(anonymous_164)
FNDA:0,Ae
FNDA:0,Se
FNDA:0,(anonymous_167)
FNDA:0,Fe
FNDA:0,Ie
FNDA:0,qe
FNDA:0,ke
FNDA:0,Ee
FNDA:0,Oe
FNDA:0,Me
FNDA:0,ve
FNDA:0,De
FNDA:0,je
FNDA:0,Be
FNDA:0,Re
FNDA:0,Ue
FNDA:0,Le
FNDA:0,(anonymous_182)
FNDA:0,Ne
FNDA:0,Ce
FNDA:0,$e
FNDA:0,Ve
FNDA:0,We
FNDA:0,ze
FNDA:0,Pe
FNDA:0,(anonymous_190)
FNDA:0,Ge
FNDA:0,Qe
FNDA:0,He
FNDA:0,Je
FNDA:0,Xe
FNDA:0,(anonymous_196)
FNDA:0,Ye
FNDA:0,Ke
FNDA:0,Ze
FNDA:0,et
FNDA:0,tt
FNDA:0,nt
FNDA:0,(anonymous_203)
FNDA:0,rt
FNDA:0,(anonymous_205)
FNDA:0,_t
FNDA:0,ot
FNDA:0,ct
FNDA:0,it
FNDA:0,st
FNDA:0,ut
FNDA:0,(anonymous_212)
FNDA:0,bt
FNDA:0,ft
FNDA:0,at
FNDA:0,gt
FNDA:0,lt
FNDA:0,dt
FNDA:0,wt
FNDA:0,pt
FNDA:0,xt
FNDA:0,yt
FNDA:0,mt
FNDA:0,ht
FNDA:0,Tt
FNDA:0,At
FNDA:0,St
FNDA:0,Ft
FNDA:0,It
DA:1,0
DA:2,0
LF:2
LH:0
BRDA:1,0,0,0
BRDA:1,0,1,0
BRDA:1,1,0,0
BRDA:1,1,1,0
BRDA:1,1,2,0
BRDA:1,2,0,0
BRDA:1,2,1,0
BRDA:1,2,2,0
BRDA:1,3,0,0
BRDA:1,3,1,0
BRDA:1,4,0,0
BRDA:1,4,1,0
BRDA:1,4,2,0
BRDA:1,5,0,0
BRDA:1,5,1,0
BRDA:1,6,0,0
BRDA:1,6,1,0
BRDA:1,7,0,0
BRDA:1,7,1,0
BRDA:1,8,0,0
BRDA:1,8,1,0
BRDA:1,9,0,0
BRDA:1,9,1,0
BRDA:1,10,0,0
BRDA:1,10,1,0
BRDA:1,11,0,0
BRDA:1,11,1,0
BRDA:1,11,2,0
BRDA:1,11,3,0
BRDA:1,11,4,0
BRDA:1,12,0,0
BRDA:1,12,1,0
BRDA:1,13,0,0
BRDA:1,13,1,0
BRDA:1,13,2,0
BRDA:1,14,0,0
BRDA:1,14,1,0
BRDA:1,15,0,0
BRDA:1,15,1,0
BRDA:1,16,0,0
BRDA:1,16,1,0
BRDA:1,17,0,0
BRDA:1,17,1,0
BRDA:1,18,0,0
BRDA:1,18,1,0
BRDA:1,19,0,0
BRDA:1,19,1,0
BRDA:1,20,0,0
BRDA:1,20,1,0
BRDA:1,21,0,0
BRDA:1,21,1,0
BRDA:1,22,0,0
BRDA:1,22,1,0
BRDA:1,23,0,0
BRDA:1,23,1,0
BRDA:1,24,0,0
BRDA:1,24,1,0
BRDA:1,25,0,0
BRDA:1,25,1,0
BRDA:2,26,0,0
BRDA:2,26,1,0
BRDA:2,27,0,0
BRDA:2,27,1,0
BRDA:2,28,0,0
BRDA:2,28,1,0
BRDA:2,29,0,0
BRDA:2,29,1,0
BRDA:2,30,0,0
BRDA:2,30,1,0
BRDA:2,31,0,0
BRDA:2,31,1,0
BRDA:2,32,0,0
BRDA:2,32,1,0
BRDA:2,33,0,0
BRDA:2,33,1,0
BRDA:2,34,0,0
BRDA:2,34,1,0
BRDA:2,35,0,0
BRDA:2,35,1,0
BRDA:2,36,0,0
BRDA:2,36,1,0
BRDA:2,37,0,0
BRDA:2,37,1,0
BRDA:2,38,0,0
BRDA:2,38,1,0
BRDA:2,39,0,0
BRDA:2,39,1,0
BRDA:2,40,0,0
BRDA:2,40,1,0
BRDA:2,41,0,0
BRDA:2,41,1,0
BRDA:2,42,0,0
BRDA:2,42,1,0
BRDA:2,43,0,0
BRDA:2,43,1,0
BRDA:2,44,0,0
BRDA:2,44,1,0
BRDA:2,45,0,0
BRDA:2,45,1,0
BRDA:2,46,0,0
BRDA:2,46,1,0
BRDA:2,47,0,0
BRDA:2,47,1,0
BRDA:2,48,0,0
BRDA:2,48,1,0
BRDA:2,49,0,0
BRDA:2,49,1,0
BRDA:2,50,0,0
BRDA:2,50,1,0
BRDA:2,51,0,0
BRDA:2,51,1,0
BRDA:2,52,0,0
BRDA:2,52,1,0
BRF:113
BRH:0
end_of_record
TN:
SF:src/generated/prisma/wasm.js
FN:283,(anonymous_3)
FN:284,(anonymous_4)
FN:285,(anonymous_5)
FN:292,(anonymous_6)
FNF:4
FNH:0
FNDA:0,(anonymous_3)
FNDA:0,(anonymous_4)
FNDA:0,(anonymous_5)
FNDA:0,(anonymous_6)
DA:6,0
DA:30,0
DA:33,0
DA:35,0
DA:36,0
DA:42,0
DA:47,0
DA:48,0
DA:49,0
DA:50,0
DA:51,0
DA:52,0
DA:57,0
DA:58,0
DA:59,0
DA:60,0
DA:61,0
DA:66,0
DA:67,0
DA:72,0
DA:73,0
DA:74,0
DA:76,0
DA:89,0
DA:93,0
DA:113,0
DA:126,0
DA:134,0
DA:150,0
DA:161,0
DA:177,0
DA:186,0
DA:191,0
DA:196,0
DA:201,0
DA:207,0
DA:213,0
DA:225,0
DA:278,0
DA:280,0
DA:281,0
DA:282,0
DA:283,0
DA:285,0
DA:286,0
DA:287,0
DA:290,0
DA:292,0
DA:298,0
DA:299,0
DA:302,0
DA:303,0
DA:304,0
LF:53
LH:0
BRDA:294,0,0,0
BRDA:294,0,1,0
BRDA:294,0,2,0
BRDA:294,0,3,0
BRDA:294,0,4,0
BRDA:294,0,5,0
BRDA:298,1,0,0
BRDA:298,1,1,0
BRDA:298,2,0,0
BRDA:298,2,1,0
BRDA:298,2,2,0
BRDA:298,2,3,0
BRDA:298,2,4,0
BRDA:298,2,5,0
BRDA:299,3,0,0
BRDA:299,3,1,0
BRDA:299,3,2,0
BRDA:299,3,3,0
BRDA:299,3,4,0
BRDA:299,3,5,0
BRF:20
BRH:0
end_of_record
TN:
SF:src/generated/prisma/runtime/edge-esm.js
FN:5,(anonymous_31)
FN:5,(anonymous_32)
FN:5,(anonymous_33)
FN:5,(anonymous_34)
FN:5,(anonymous_35)
FN:5,(anonymous_36)
FN:5,(anonymous_37)
FN:5,(anonymous_38)
FN:5,(anonymous_39)
FN:5,(anonymous_40)
FN:5,(anonymous_41)
FN:5,(anonymous_42)
FN:5,(anonymous_43)
FN:5,(anonymous_44)
FN:5,(anonymous_45)
FN:5,(anonymous_46)
FN:5,(anonymous_47)
FN:5,(anonymous_48)
FN:5,(anonymous_49)
FN:5,(anonymous_50)
FN:5,(anonymous_51)
FN:5,(anonymous_52)
FN:5,a
FN:5,l
FN:5,d
FN:5,g
FN:5,h
FN:5,T
FN:5,I
FN:5,(anonymous_60)
FN:5,(anonymous_61)
FN:5,(anonymous_62)
FN:5,wa
FN:5,(anonymous_64)
FN:5,(anonymous_65)
FN:5,(anonymous_66)
FN:5,xe
FN:5,A
FN:5,pi
FN:5,(anonymous_70)
FN:5,mi
FN:5,Ea
FN:5,(anonymous_73)
FN:5,an
FN:5,(anonymous_75)
FN:5,(anonymous_76)
FN:5,ba
FN:5,on
FN:5,xa
FN:5,fi
FN:5,Pa
FN:5,ln
FN:5,va
FN:5,(anonymous_84)
FN:5,(anonymous_85)
FN:5,(anonymous_86)
FN:5,(anonymous_87)
FN:5,di
FN:5,Ta
FN:5,Le
FN:5,(anonymous_91)
FN:5,(anonymous_92)
FN:5,(anonymous_93)
FN:5,(anonymous_94)
FN:5,(anonymous_95)
FN:5,(anonymous_96)
FN:5,(anonymous_97)
FN:5,gi
FN:5,ai
FN:5,l
FN:5,(anonymous_101)
FN:5,(anonymous_102)
FN:5,(anonymous_103)
FN:5,Aa
FN:5,Ra
FN:5,Ca
FN:5,Sa
FN:5,Ia
FN:5,(anonymous_109)
FN:5,(anonymous_110)
FN:5,Oa
FN:5,hi
FN:5,ka
FN:5,Da
FN:5,Ma
FN:5,_a
FN:5,Na
FN:5,(anonymous_118)
FN:5,W
FN:5,(anonymous_120)
FN:5,(anonymous_121)
FN:5,(anonymous_122)
FN:5,(anonymous_123)
FN:5,(anonymous_124)
FN:5,(anonymous_125)
FN:5,(anonymous_126)
FN:5,(anonymous_127)
FN:5,(anonymous_128)
FN:5,(anonymous_129)
FN:5,(anonymous_130)
FN:5,(anonymous_131)
FN:5,(anonymous_132)
FN:5,(anonymous_133)
FN:5,(anonymous_134)
FN:5,(anonymous_135)
FN:5,(anonymous_136)
FN:5,(anonymous_137)
FN:5,(anonymous_138)
FN:5,(anonymous_139)
FN:5,(anonymous_140)
FN:5,(anonymous_141)
FN:5,re
FN:5,(anonymous_143)
FN:5,(anonymous_144)
FN:5,(anonymous_145)
FN:5,(anonymous_146)
FN:5,(anonymous_147)
FN:5,(anonymous_148)
FN:5,(anonymous_149)
FN:5,yi
FN:5,wi
FN:5,(anonymous_152)
FN:5,(anonymous_153)
FN:5,(anonymous_154)
FN:5,(anonymous_155)
FN:5,(anonymous_156)
FN:5,(anonymous_157)
FN:5,(anonymous_158)
FN:5,(anonymous_159)
FN:5,(anonymous_160)
FN:5,(anonymous_161)
FN:5,(anonymous_162)
FN:5,Ei
FN:5,bi
FN:5,(anonymous_165)
FN:5,(anonymous_166)
FN:5,xi
FN:5,(anonymous_168)
FN:5,(anonymous_169)
FN:5,(anonymous_170)
FN:5,(anonymous_171)
FN:5,un
FN:5,(anonymous_173)
FN:5,(anonymous_174)
FN:5,(anonymous_175)
FN:5,(anonymous_176)
FN:5,(anonymous_177)
FN:5,(anonymous_178)
FN:5,(anonymous_179)
FN:5,ui
FN:5,Fa
FN:5,Pi
FN:5,He
FN:5,xt
FN:5,Ua
FN:5,sn
FN:5,Ba
FN:5,qa
FN:5,vi
FN:5,ar
FN:5,de
FN:5,cn
FN:5,(anonymous_193)
FN:5,Re
FN:5,$a
FN:5,(anonymous_196)
FN:5,Wa
FN:5,fn
FN:5,Ha
FN:5,za
FN:5,Ya
FN:5,Za
FN:5,Xa
FN:5,el
FN:5,tl
FN:5,rl
FN:5,nl
FN:5,il
FN:5,ol
FN:5,sl
FN:5,al
FN:5,ll
FN:5,(anonymous_213)
FN:5,(anonymous_214)
FN:5,(anonymous_215)
FN:5,ul
FN:5,(anonymous_217)
FN:5,(anonymous_218)
FN:5,dl
FN:5,gl
FN:5,hl
FN:5,Qi
FN:5,Ki
FN:5,wl
FN:5,(anonymous_225)
FN:5,(anonymous_226)
FN:5,(anonymous_227)
FN:5,(anonymous_228)
FN:5,(anonymous_229)
FN:5,(anonymous_230)
FN:5,(anonymous_231)
FN:5,(anonymous_232)
FN:5,e
FN:5,(anonymous_234)
FN:5,(anonymous_235)
FN:5,(anonymous_236)
FN:5,(anonymous_237)
FN:5,(anonymous_238)
FN:5,(anonymous_239)
FN:5,(anonymous_240)
FN:5,(anonymous_242)
FN:5,(anonymous_243)
FN:5,Ai
FN:5,(anonymous_245)
FN:5,Ri
FN:5,(anonymous_247)
FN:5,Si
FN:5,(anonymous_249)
FN:5,j
FN:5,(anonymous_251)
FN:5,(anonymous_252)
FN:5,(anonymous_253)
FN:5,(anonymous_254)
FN:5,(anonymous_255)
FN:5,(anonymous_256)
FN:5,(anonymous_257)
FN:5,(anonymous_258)
FN:5,Qa
FN:5,(anonymous_260)
FN:5,(anonymous_261)
FN:5,(anonymous_262)
FN:5,(anonymous_263)
FN:5,(anonymous_264)
FN:5,(anonymous_265)
FN:5,(anonymous_266)
FN:5,Ka
FN:5,(anonymous_268)
FN:5,$i
FN:5,Ze
FN:5,xl
FN:5,Pl
FN:5,dr
FN:5,hn
FN:5,(anonymous_275)
FN:5,(anonymous_276)
FN:5,(anonymous_277)
FN:5,(anonymous_278)
FN:5,(anonymous_279)
FN:5,(anonymous_280)
FN:5,(anonymous_281)
FN:5,(anonymous_282)
FN:5,Tl
FN:5,yn
FN:5,Al
FN:5,Rl
FN:5,Cl
FN:5,Ue
FN:5,wn
FN:5,En
FN:5,bn
FN:5,gr
FN:5,xn
FN:5,N
FN:5,(anonymous_295)
FN:5,(anonymous_296)
FN:5,(anonymous_297)
FN:5,(anonymous_298)
FN:5,(anonymous_299)
FN:5,(anonymous_300)
FN:5,(anonymous_301)
FN:5,(anonymous_302)
FN:5,(anonymous_303)
FN:5,(anonymous_304)
FN:5,(anonymous_305)
FN:5,(anonymous_306)
FN:5,(anonymous_307)
FN:5,(anonymous_308)
FN:5,Se
FN:5,no
FN:5,At
FN:5,(anonymous_313)
FN:5,Il
FN:5,Pn
FN:5,Xe
FN:5,yr
FN:5,(anonymous_318)
FN:5,(anonymous_319)
FN:5,(anonymous_320)
FN:5,(anonymous_321)
FN:5,(anonymous_322)
FN:5,(anonymous_323)
FN:5,(anonymous_324)
FN:5,(anonymous_325)
FN:5,(anonymous_326)
FN:5,(anonymous_327)
FN:5,(anonymous_328)
FN:5,(anonymous_329)
FN:5,(anonymous_330)
FN:5,(anonymous_331)
FN:5,(anonymous_332)
FN:5,(anonymous_333)
FN:5,(anonymous_334)
FN:5,(anonymous_335)
FN:5,(anonymous_336)
FN:5,(anonymous_337)
FN:5,(anonymous_338)
FN:5,(anonymous_339)
FN:5,(anonymous_340)
FN:5,(anonymous_341)
FN:5,(anonymous_342)
FN:5,(anonymous_343)
FN:5,(anonymous_344)
FN:5,(anonymous_345)
FN:5,(anonymous_346)
FN:5,(anonymous_347)
FN:5,(anonymous_348)
FN:5,(anonymous_349)
FN:5,(anonymous_350)
FN:5,(anonymous_351)
FN:5,(anonymous_352)
FN:5,(anonymous_353)
FN:5,(anonymous_354)
FN:5,(anonymous_355)
FN:5,(anonymous_356)
FN:5,(anonymous_357)
FN:5,(anonymous_358)
FN:5,(anonymous_359)
FN:5,(anonymous_360)
FN:5,(anonymous_361)
FN:5,(anonymous_362)
FN:5,(anonymous_363)
FN:5,(anonymous_364)
FN:5,(anonymous_365)
FN:5,(anonymous_366)
FN:5,(anonymous_367)
FN:5,(anonymous_368)
FN:5,(anonymous_369)
FN:5,(anonymous_370)
FN:5,(anonymous_371)
FN:5,(anonymous_372)
FN:5,(anonymous_373)
FN:5,(anonymous_374)
FN:5,(anonymous_375)
FN:5,z
FN:5,ne
FN:5,Rt
FN:5,wr
FN:5,Nl
FN:5,(anonymous_381)
FN:5,e
FN:5,t
FN:5,r
FN:5,(anonymous_385)
FN:5,k
FN:5,ye
FN:5,Tr
FN:5,Pr
FN:5,he
FN:5,mo
FN:5,Ie
FN:5,fo
FN:5,io
FN:5,go
FN:5,Rn
FN:5,Oe
FN:5,ho
FN:5,Er
FN:5,Fl
FN:5,Ll
FN:5,tt
FN:5,Ar
FN:5,yo
FN:5,Cn
FN:5,oo
FN:5,Ul
FN:5,Bl
FN:5,ql
FN:5,Vl
FN:5,$l
FN:5,jl
FN:5,Gl
FN:5,Jl
FN:5,Ql
FN:5,Kl
FN:5,Wl
FN:5,Hl
FN:5,zl
FN:5,Yl
FN:5,Zl
FN:5,wo
FN:5,i
FN:5,Xl
FN:5,eu
FN:5,tu
FN:5,ru
FN:5,so
FN:5,nu
FN:5,iu
FN:5,ou
FN:5,su
FN:5,au
FN:5,lu
FN:5,uu
FN:5,cu
FN:5,pu
FN:5,mu
FN:5,fu
FN:5,du
FN:5,gu
FN:5,hu
FN:5,yu
FN:5,wu
FN:5,Eu
FN:5,bu
FN:5,xu
FN:5,Pu
FN:5,rt
FN:5,(anonymous_450)
FN:5,(anonymous_451)
FN:5,vu
FN:5,(anonymous_453)
FN:5,(anonymous_454)
FN:5,(anonymous_455)
FN:5,(anonymous_456)
FN:5,(anonymous_457)
FN:5,(anonymous_458)
FN:5,(anonymous_459)
FN:5,(anonymous_460)
FN:5,(anonymous_461)
FN:5,Cu
FN:5,Su
FN:6,Iu
FN:6,Cr
FN:6,Po
FN:6,(anonymous_467)
FN:6,vo
FN:6,(anonymous_469)
FN:6,Ou
FN:6,ku
FN:6,Du
FN:6,(anonymous_473)
FN:6,bo
FN:6,xo
FN:6,(anonymous_476)
FN:6,(anonymous_477)
FN:6,(anonymous_478)
FN:6,(anonymous_479)
FN:6,(anonymous_480)
FN:6,(anonymous_481)
FN:6,(anonymous_482)
FN:6,(anonymous_483)
FN:6,(anonymous_484)
FN:6,(anonymous_485)
FN:6,(anonymous_486)
FN:6,(anonymous_487)
FN:6,(anonymous_488)
FN:6,(anonymous_489)
FN:6,(anonymous_490)
FN:7,(anonymous_491)
FN:7,(anonymous_492)
FN:7,(anonymous_493)
FN:7,(anonymous_494)
FN:7,(anonymous_495)
FN:7,(anonymous_496)
FN:7,(anonymous_497)
FN:7,(anonymous_498)
FN:7,(anonymous_499)
FN:7,(anonymous_500)
FN:7,(anonymous_501)
FN:7,(anonymous_502)
FN:7,(anonymous_503)
FN:7,(anonymous_504)
FN:7,(anonymous_506)
FN:7,(anonymous_507)
FN:7,(anonymous_508)
FN:7,(anonymous_509)
FN:7,(anonymous_510)
FN:7,(anonymous_511)
FN:7,(anonymous_512)
FN:7,(anonymous_513)
FN:7,(anonymous_514)
FN:7,(anonymous_515)
FN:7,(anonymous_517)
FN:7,(anonymous_518)
FN:7,(anonymous_519)
FN:7,(anonymous_520)
FN:7,(anonymous_521)
FN:7,(anonymous_522)
FN:7,(anonymous_523)
FN:7,(anonymous_524)
FN:7,(anonymous_525)
FN:7,(anonymous_526)
FN:7,(anonymous_527)
FN:7,(anonymous_528)
FN:7,(anonymous_529)
FN:7,(anonymous_530)
FN:7,(anonymous_531)
FN:7,(anonymous_532)
FN:7,(anonymous_533)
FN:7,(anonymous_534)
FN:7,(anonymous_535)
FN:7,(anonymous_536)
FN:7,(anonymous_537)
FN:7,(anonymous_538)
FN:7,(anonymous_539)
FN:7,(anonymous_541)
FN:7,(anonymous_542)
FN:7,(anonymous_543)
FN:7,(anonymous_544)
FN:7,(anonymous_545)
FN:7,(anonymous_546)
FN:7,(anonymous_547)
FN:7,(anonymous_548)
FN:7,Sr
FN:7,Mu
FN:7,(anonymous_552)
FN:7,_u
FN:7,(anonymous_554)
FN:8,Nu
FN:8,(anonymous_556)
FN:8,Fu
FN:8,(anonymous_558)
FN:8,Lu
FN:8,(anonymous_560)
FN:8,Uu
FN:8,(anonymous_562)
FN:8,Bu
FN:8,(anonymous_564)
FN:8,qu
FN:8,(anonymous_566)
FN:8,Vu
FN:8,(anonymous_568)
FN:8,(anonymous_569)
FN:8,$u
FN:8,(anonymous_571)
FN:8,(anonymous_572)
FN:8,So
FN:8,ju
FN:8,(anonymous_575)
FN:8,(anonymous_576)
FN:8,Io
FN:8,Gu
FN:8,(anonymous_579)
FN:8,(anonymous_580)
FN:8,Ju
FN:8,(anonymous_582)
FN:8,(anonymous_583)
FN:8,Qu
FN:8,(anonymous_585)
FN:8,Ku
FN:8,(anonymous_587)
FN:8,(anonymous_588)
FN:8,Wu
FN:8,(anonymous_590)
FN:8,(anonymous_591)
FN:8,Oo
FN:8,Hu
FN:8,zu
FN:8,Yu
FN:8,ko
FN:8,Do
FN:8,at
FN:8,It
FN:8,Dr
FN:8,Xu
FN:8,(anonymous_602)
FN:8,(anonymous_603)
FN:8,lt
FN:8,(anonymous_605)
FN:8,(anonymous_606)
FN:8,(anonymous_607)
FN:8,(anonymous_608)
FN:8,Dn
FN:8,(anonymous_610)
FN:8,(anonymous_611)
FN:8,(anonymous_612)
FN:8,(anonymous_613)
FN:8,(anonymous_614)
FN:8,(anonymous_615)
FN:8,(anonymous_616)
FN:8,(anonymous_617)
FN:8,(anonymous_618)
FN:9,ut
FN:9,_o
FN:9,No
FN:9,ec
FN:9,Nr
FN:9,Fr
FN:9,Ee
FN:9,(anonymous_626)
FN:9,Lo
FN:9,tc
FN:9,(anonymous_629)
FN:9,(anonymous_630)
FN:9,(anonymous_631)
FN:9,(anonymous_632)
FN:9,Fo
FN:9,(anonymous_634)
FN:9,(anonymous_635)
FN:9,rc
FN:9,(anonymous_637)
FN:9,Uo
FN:9,Bo
FN:9,(anonymous_640)
FN:9,(anonymous_641)
FN:9,(anonymous_642)
FN:9,(anonymous_643)
FN:9,(anonymous_644)
FN:9,(anonymous_645)
FN:9,(anonymous_646)
FN:9,(anonymous_647)
FN:9,(anonymous_648)
FN:9,(anonymous_649)
FN:9,(anonymous_650)
FN:9,(anonymous_651)
FN:9,(anonymous_652)
FN:9,(anonymous_653)
FN:9,(anonymous_654)
FN:9,(anonymous_655)
FN:9,(anonymous_656)
FN:9,(anonymous_657)
FN:9,(anonymous_658)
FN:9,(anonymous_659)
FN:9,(anonymous_660)
FN:9,(anonymous_661)
FN:9,qo
FN:9,nc
FN:9,(anonymous_664)
FN:9,(anonymous_665)
FN:9,be
FN:9,Fn
FN:9,Ft
FN:9,oc
FN:9,sc
FN:9,ac
FN:9,lc
FN:9,uc
FN:9,jo
FN:9,Go
FN:9,cc
FN:9,pc
FN:9,mc
FN:9,Ln
FN:9,(anonymous_680)
FN:9,(anonymous_681)
FN:9,(anonymous_682)
FN:9,(anonymous_683)
FN:9,(anonymous_684)
FN:9,(anonymous_685)
FN:9,(anonymous_686)
FN:9,(anonymous_687)
FN:9,(anonymous_688)
FN:9,(anonymous_689)
FN:9,(anonymous_690)
FN:9,(anonymous_691)
FN:9,(anonymous_692)
FN:9,(anonymous_693)
FN:9,(anonymous_694)
FN:9,(anonymous_695)
FN:9,Jo
FN:9,(anonymous_697)
FN:9,(anonymous_698)
FN:9,(anonymous_699)
FN:9,fc
FN:9,(anonymous_701)
FN:9,(anonymous_702)
FN:9,dc
FN:9,Un
FN:9,(anonymous_705)
FN:9,(anonymous_706)
FN:9,(anonymous_707)
FN:9,(anonymous_708)
FN:9,gc
FN:9,(anonymous_710)
FN:9,qr
FN:9,(anonymous_712)
FN:9,(anonymous_713)
FN:9,(anonymous_714)
FN:9,(anonymous_715)
FN:9,(anonymous_716)
FN:9,(anonymous_717)
FN:9,hc
FN:9,Ko
FN:9,Wo
FN:9,Bt
FN:9,(anonymous_722)
FN:9,(anonymous_723)
FN:9,te
FN:9,(anonymous_725)
FN:9,(anonymous_726)
FN:9,Be
FN:9,(anonymous_728)
FN:9,(anonymous_729)
FN:9,(anonymous_730)
FN:9,(anonymous_731)
FN:9,jr
FN:9,(anonymous_733)
FN:9,(anonymous_734)
FN:9,(anonymous_735)
FN:9,(anonymous_736)
FN:9,(anonymous_737)
FN:9,me
FN:9,(anonymous_739)
FN:9,(anonymous_740)
FN:9,(anonymous_741)
FN:9,(anonymous_742)
FN:9,(anonymous_743)
FN:9,(anonymous_744)
FN:9,(anonymous_745)
FN:9,(anonymous_746)
FN:9,wc
FN:9,zo
FN:9,(anonymous_749)
FN:9,pt
FN:9,(anonymous_751)
FN:9,(anonymous_752)
FN:9,(anonymous_753)
FN:9,Gr
FN:9,Yo
FN:9,Jr
FN:9,bc
FN:10,(anonymous_758)
FN:10,Ne
FN:10,mt
FN:10,(anonymous_761)
FN:10,Pc
FN:10,Qr
FN:10,(anonymous_764)
FN:10,Xo
FN:10,vc
FN:10,Tc
FN:10,(anonymous_768)
FN:10,(anonymous_769)
FN:10,es
FN:10,Ac
FN:10,Rc
FN:10,(anonymous_773)
FN:10,(anonymous_774)
FN:10,ts
FN:10,rs
FN:10,(anonymous_777)
FN:10,(anonymous_778)
FN:10,(anonymous_779)
FN:10,ns
FN:10,(anonymous_781)
FN:10,(anonymous_782)
FN:10,(anonymous_783)
FN:10,(anonymous_784)
FN:10,(anonymous_785)
FN:10,(anonymous_786)
FN:10,(anonymous_787)
FN:10,Cc
FN:10,Sc
FN:10,$n
FN:10,(anonymous_791)
FN:10,(anonymous_792)
FN:10,(anonymous_793)
FN:10,Ic
FN:10,(anonymous_795)
FN:10,(anonymous_796)
FN:10,jn
FN:10,(anonymous_798)
FN:10,(anonymous_799)
FN:10,(anonymous_800)
FN:10,Dc
FN:10,(anonymous_802)
FN:10,(anonymous_803)
FN:10,(anonymous_804)
FN:10,(anonymous_805)
FN:10,(anonymous_806)
FN:10,Mc
FN:10,_c
FN:10,(anonymous_809)
FN:10,ss
FN:10,(anonymous_811)
FN:10,qt
FN:10,(anonymous_813)
FN:10,(anonymous_814)
FN:10,Nc
FN:10,(anonymous_816)
FN:10,(anonymous_817)
FN:10,Fc
FN:10,(anonymous_819)
FN:10,(anonymous_820)
FN:10,(anonymous_821)
FN:10,as
FN:10,ls
FN:10,us
FN:10,(anonymous_825)
FN:10,(anonymous_826)
FN:10,Lc
FN:10,(anonymous_828)
FN:10,Uc
FN:10,(anonymous_830)
FN:10,Kr
FN:10,cs
FN:10,(anonymous_833)
FN:10,ps
FN:10,(anonymous_835)
FN:10,fs
FN:10,qc
FN:10,Vc
FN:10,Vt
FN:10,gs
FN:10,(anonymous_841)
FN:10,(anonymous_842)
FN:10,hs
FN:10,ys
FN:10,(anonymous_845)
FN:10,ws
FN:10,(anonymous_847)
FN:10,(anonymous_848)
FN:10,(anonymous_849)
FN:10,Es
FN:10,(anonymous_851)
FN:10,Ps
FN:12,vs
FN:12,Ts
FN:12,$c
FN:12,jc
FN:12,$t
FN:12,Gc
FN:12,(anonymous_859)
FN:12,(anonymous_860)
FN:12,(anonymous_861)
FN:12,(anonymous_862)
FN:12,(anonymous_863)
FN:12,(anonymous_864)
FN:12,Zc
FN:12,(anonymous_866)
FN:12,Jn
FN:12,ft
FN:15,(anonymous_869)
FN:15,(anonymous_870)
FN:15,(anonymous_871)
FN:15,U
FN:15,(anonymous_873)
FN:15,Rs
FN:15,(anonymous_875)
FN:15,(anonymous_876)
FN:15,ep
FN:15,Qn
FN:15,(anonymous_879)
FN:15,(anonymous_880)
FN:15,(anonymous_881)
FN:15,(anonymous_882)
FN:15,(anonymous_883)
FN:15,(anonymous_884)
FN:15,(anonymous_885)
FN:15,(anonymous_886)
FN:15,(anonymous_887)
FN:15,(anonymous_888)
FN:15,(anonymous_889)
FN:15,(anonymous_890)
FN:15,(anonymous_891)
FN:15,(anonymous_892)
FN:15,(anonymous_893)
FN:15,np
FN:15,Xt
FN:15,ht
FN:15,Ss
FN:15,(anonymous_898)
FN:15,(anonymous_899)
FN:15,Is
FN:15,Os
FN:15,(anonymous_902)
FN:15,(anonymous_903)
FN:16,je
FN:16,(anonymous_905)
FN:16,sp
FN:16,Ms
FN:16,ap
FN:16,(anonymous_909)
FN:16,(anonymous_910)
FN:16,(anonymous_911)
FN:16,(anonymous_912)
FN:16,(anonymous_913)
FN:16,(anonymous_914)
FN:16,(anonymous_915)
FN:16,(anonymous_916)
FN:16,(anonymous_917)
FN:16,(anonymous_918)
FN:16,(anonymous_919)
FN:16,(anonymous_920)
FN:16,(anonymous_921)
FN:16,(anonymous_922)
FN:16,(anonymous_923)
FN:16,(anonymous_924)
FN:16,(anonymous_925)
FN:16,(anonymous_926)
FN:16,(anonymous_927)
FN:16,(anonymous_928)
FN:16,(anonymous_929)
FN:16,(anonymous_930)
FN:16,(anonymous_931)
FN:16,(anonymous_932)
FN:16,(anonymous_933)
FN:16,(anonymous_934)
FN:16,Ns
FN:16,(anonymous_936)
FN:16,(anonymous_937)
FN:17,S
FN:17,Fs
FN:17,Ls
FN:17,(anonymous_941)
FN:17,(anonymous_942)
FN:17,(anonymous_943)
FN:17,wt
FN:17,qs
FN:17,(anonymous_946)
FN:17,$s
FN:17,(anonymous_948)
FN:17,lp
FN:17,js
FN:17,Vs
FN:17,Xn
FN:24,(anonymous_953)
FN:24,(anonymous_954)
FN:24,(anonymous_955)
FN:24,(anonymous_956)
FN:24,(anonymous_957)
FN:24,(anonymous_958)
FN:24,ti
FN:24,(anonymous_960)
FN:24,(anonymous_961)
FN:24,(anonymous_962)
FN:24,(anonymous_963)
FN:24,(anonymous_964)
FN:24,(anonymous_965)
FN:24,(anonymous_966)
FN:24,Ks
FN:24,(anonymous_968)
FN:24,(anonymous_969)
FN:24,(anonymous_970)
FN:24,(anonymous_971)
FN:24,(anonymous_972)
FN:24,(anonymous_973)
FN:24,(anonymous_974)
FN:24,(anonymous_975)
FN:24,(anonymous_976)
FN:24,(anonymous_977)
FN:24,(anonymous_978)
FN:24,Ws
FN:24,Hs
FN:24,(anonymous_981)
FN:24,(anonymous_982)
FN:24,(anonymous_983)
FN:24,zs
FN:24,(anonymous_985)
FN:24,zr
FN:24,Ys
FN:24,ni
FN:24,(anonymous_989)
FN:24,ii
FN:24,(anonymous_991)
FN:24,(anonymous_992)
FN:24,(anonymous_993)
FN:24,(anonymous_994)
FN:24,(anonymous_995)
FN:24,(anonymous_996)
FN:24,(anonymous_997)
FN:24,(anonymous_998)
FN:24,(anonymous_999)
FN:24,(anonymous_1000)
FN:24,(anonymous_1001)
FN:24,(anonymous_1002)
FN:24,Ge
FN:24,(anonymous_1004)
FN:24,(anonymous_1005)
FN:24,(anonymous_1006)
FN:24,(anonymous_1007)
FN:24,(anonymous_1008)
FN:24,(anonymous_1009)
FN:24,oi
FN:24,fp
FN:24,(anonymous_1012)
FN:24,(anonymous_1013)
FN:24,(anonymous_1014)
FN:24,(anonymous_1015)
FN:24,(anonymous_1016)
FN:24,(anonymous_1017)
FN:24,(anonymous_1018)
FN:24,(anonymous_1019)
FN:24,(anonymous_1020)
FN:24,(anonymous_1021)
FN:24,(anonymous_1022)
FN:24,(anonymous_1023)
FN:24,(anonymous_1024)
FN:24,(anonymous_1025)
FN:24,(anonymous_1026)
FN:24,(anonymous_1027)
FN:24,gp
FN:24,Zs
FN:24,hp
FN:24,yp
FN:24,Xs
FN:24,(anonymous_1033)
FN:25,(anonymous_1034)
FN:25,(anonymous_1035)
FN:28,(anonymous_1036)
FN:28,(anonymous_1037)
FN:29,(anonymous_1038)
FN:29,(anonymous_1039)
FN:29,t
FN:29,(anonymous_1041)
FN:29,(anonymous_1042)
FN:29,(anonymous_1043)
FN:29,(anonymous_1044)
FN:29,(anonymous_1045)
FN:29,sa
FN:29,Et
FN:29,Ep
FN:29,(anonymous_1049)
FN:29,(anonymous_1050)
FN:29,bp
FN:29,ia
FN:29,(anonymous_1053)
FN:29,xp
FN:29,(anonymous_1055)
FN:29,(anonymous_1056)
FN:29,(anonymous_1057)
FN:29,(anonymous_1058)
FN:33,aa
FN:33,(anonymous_1060)
FN:33,(anonymous_1061)
FN:33,(anonymous_1062)
FN:33,(anonymous_1063)
FN:33,(anonymous_1064)
FN:33,(anonymous_1065)
FN:33,(anonymous_1066)
FN:33,(anonymous_1067)
FN:33,Ap
FN:33,(anonymous_1069)
FN:33,(anonymous_1070)
FN:33,(anonymous_1071)
FN:33,(anonymous_1072)
FN:33,(anonymous_1073)
FN:33,(anonymous_1074)
FN:33,(anonymous_1075)
FN:33,(anonymous_1076)
FN:33,(anonymous_1077)
FN:33,(anonymous_1078)
FN:33,(anonymous_1079)
FN:33,(anonymous_1080)
FN:33,(anonymous_1081)
FN:33,(anonymous_1082)
FN:33,(anonymous_1083)
FN:33,(anonymous_1084)
FN:33,(anonymous_1085)
FN:33,(anonymous_1086)
FN:33,(anonymous_1087)
FN:33,(anonymous_1088)
FN:33,(anonymous_1089)
FN:33,(anonymous_1090)
FN:33,(anonymous_1091)
FN:33,(anonymous_1092)
FN:33,(anonymous_1093)
FN:33,(anonymous_1094)
FN:33,(anonymous_1095)
FN:33,(anonymous_1096)
FN:33,(anonymous_1097)
FN:33,(anonymous_1098)
FN:33,(anonymous_1099)
FN:33,(anonymous_1100)
FN:33,(anonymous_1101)
FN:33,(anonymous_1102)
FN:33,(anonymous_1103)
FN:33,(anonymous_1104)
FN:33,(anonymous_1105)
FN:33,(anonymous_1106)
FN:33,(anonymous_1107)
FN:34,(anonymous_1108)
FN:34,(anonymous_1109)
FN:34,la
FN:34,Rp
FN:34,Sp
FN:34,(anonymous_1113)
FNF:1077
FNH:0
FNDA:0,(anonymous_31)
FNDA:0,(anonymous_32)
FNDA:0,(anonymous_33)
FNDA:0,(anonymous_34)
FNDA:0,(anonymous_35)
FNDA:0,(anonymous_36)
FNDA:0,(anonymous_37)
FNDA:0,(anonymous_38)
FNDA:0,(anonymous_39)
FNDA:0,(anonymous_40)
FNDA:0,(anonymous_41)
FNDA:0,(anonymous_42)
FNDA:0,(anonymous_43)
FNDA:0,(anonymous_44)
FNDA:0,(anonymous_45)
FNDA:0,(anonymous_46)
FNDA:0,(anonymous_47)
FNDA:0,(anonymous_48)
FNDA:0,(anonymous_49)
FNDA:0,(anonymous_50)
FNDA:0,(anonymous_51)
FNDA:0,(anonymous_52)
FNDA:0,a
FNDA:0,l
FNDA:0,d
FNDA:0,g
FNDA:0,h
FNDA:0,T
FNDA:0,I
FNDA:0,(anonymous_60)
FNDA:0,(anonymous_61)
FNDA:0,(anonymous_62)
FNDA:0,wa
FNDA:0,(anonymous_64)
FNDA:0,(anonymous_65)
FNDA:0,(anonymous_66)
FNDA:0,xe
FNDA:0,A
FNDA:0,pi
FNDA:0,(anonymous_70)
FNDA:0,mi
FNDA:0,Ea
FNDA:0,(anonymous_73)
FNDA:0,an
FNDA:0,(anonymous_75)
FNDA:0,(anonymous_76)
FNDA:0,ba
FNDA:0,on
FNDA:0,xa
FNDA:0,fi
FNDA:0,Pa
FNDA:0,ln
FNDA:0,va
FNDA:0,(anonymous_84)
FNDA:0,(anonymous_85)
FNDA:0,(anonymous_86)
FNDA:0,(anonymous_87)
FNDA:0,di
FNDA:0,Ta
FNDA:0,Le
FNDA:0,(anonymous_91)
FNDA:0,(anonymous_92)
FNDA:0,(anonymous_93)
FNDA:0,(anonymous_94)
FNDA:0,(anonymous_95)
FNDA:0,(anonymous_96)
FNDA:0,(anonymous_97)
FNDA:0,gi
FNDA:0,ai
FNDA:0,l
FNDA:0,(anonymous_101)
FNDA:0,(anonymous_102)
FNDA:0,(anonymous_103)
FNDA:0,Aa
FNDA:0,Ra
FNDA:0,Ca
FNDA:0,Sa
FNDA:0,Ia
FNDA:0,(anonymous_109)
FNDA:0,(anonymous_110)
FNDA:0,Oa
FNDA:0,hi
FNDA:0,ka
FNDA:0,Da
FNDA:0,Ma
FNDA:0,_a
FNDA:0,Na
FNDA:0,(anonymous_118)
FNDA:0,W
FNDA:0,(anonymous_120)
FNDA:0,(anonymous_121)
FNDA:0,(anonymous_122)
FNDA:0,(anonymous_123)
FNDA:0,(anonymous_124)
FNDA:0,(anonymous_125)
FNDA:0,(anonymous_126)
FNDA:0,(anonymous_127)
FNDA:0,(anonymous_128)
FNDA:0,(anonymous_129)
FNDA:0,(anonymous_130)
FNDA:0,(anonymous_131)
FNDA:0,(anonymous_132)
FNDA:0,(anonymous_133)
FNDA:0,(anonymous_134)
FNDA:0,(anonymous_135)
FNDA:0,(anonymous_136)
FNDA:0,(anonymous_137)
FNDA:0,(anonymous_138)
FNDA:0,(anonymous_139)
FNDA:0,(anonymous_140)
FNDA:0,(anonymous_141)
FNDA:0,re
FNDA:0,(anonymous_143)
FNDA:0,(anonymous_144)
FNDA:0,(anonymous_145)
FNDA:0,(anonymous_146)
FNDA:0,(anonymous_147)
FNDA:0,(anonymous_148)
FNDA:0,(anonymous_149)
FNDA:0,yi
FNDA:0,wi
FNDA:0,(anonymous_152)
FNDA:0,(anonymous_153)
FNDA:0,(anonymous_154)
FNDA:0,(anonymous_155)
FNDA:0,(anonymous_156)
FNDA:0,(anonymous_157)
FNDA:0,(anonymous_158)
FNDA:0,(anonymous_159)
FNDA:0,(anonymous_160)
FNDA:0,(anonymous_161)
FNDA:0,(anonymous_162)
FNDA:0,Ei
FNDA:0,bi
FNDA:0,(anonymous_165)
FNDA:0,(anonymous_166)
FNDA:0,xi
FNDA:0,(anonymous_168)
FNDA:0,(anonymous_169)
FNDA:0,(anonymous_170)
FNDA:0,(anonymous_171)
FNDA:0,un
FNDA:0,(anonymous_173)
FNDA:0,(anonymous_174)
FNDA:0,(anonymous_175)
FNDA:0,(anonymous_176)
FNDA:0,(anonymous_177)
FNDA:0,(anonymous_178)
FNDA:0,(anonymous_179)
FNDA:0,ui
FNDA:0,Fa
FNDA:0,Pi
FNDA:0,He
FNDA:0,xt
FNDA:0,Ua
FNDA:0,sn
FNDA:0,Ba
FNDA:0,qa
FNDA:0,vi
FNDA:0,ar
FNDA:0,de
FNDA:0,cn
FNDA:0,(anonymous_193)
FNDA:0,Re
FNDA:0,$a
FNDA:0,(anonymous_196)
FNDA:0,Wa
FNDA:0,fn
FNDA:0,Ha
FNDA:0,za
FNDA:0,Ya
FNDA:0,Za
FNDA:0,Xa
FNDA:0,el
FNDA:0,tl
FNDA:0,rl
FNDA:0,nl
FNDA:0,il
FNDA:0,ol
FNDA:0,sl
FNDA:0,al
FNDA:0,ll
FNDA:0,(anonymous_213)
FNDA:0,(anonymous_214)
FNDA:0,(anonymous_215)
FNDA:0,ul
FNDA:0,(anonymous_217)
FNDA:0,(anonymous_218)
FNDA:0,dl
FNDA:0,gl
FNDA:0,hl
FNDA:0,Qi
FNDA:0,Ki
FNDA:0,wl
FNDA:0,(anonymous_225)
FNDA:0,(anonymous_226)
FNDA:0,(anonymous_227)
FNDA:0,(anonymous_228)
FNDA:0,(anonymous_229)
FNDA:0,(anonymous_230)
FNDA:0,(anonymous_231)
FNDA:0,(anonymous_232)
FNDA:0,e
FNDA:0,(anonymous_234)
FNDA:0,(anonymous_235)
FNDA:0,(anonymous_236)
FNDA:0,(anonymous_237)
FNDA:0,(anonymous_238)
FNDA:0,(anonymous_239)
FNDA:0,(anonymous_240)
FNDA:0,(anonymous_242)
FNDA:0,(anonymous_243)
FNDA:0,Ai
FNDA:0,(anonymous_245)
FNDA:0,Ri
FNDA:0,(anonymous_247)
FNDA:0,Si
FNDA:0,(anonymous_249)
FNDA:0,j
FNDA:0,(anonymous_251)
FNDA:0,(anonymous_252)
FNDA:0,(anonymous_253)
FNDA:0,(anonymous_254)
FNDA:0,(anonymous_255)
FNDA:0,(anonymous_256)
FNDA:0,(anonymous_257)
FNDA:0,(anonymous_258)
FNDA:0,Qa
FNDA:0,(anonymous_260)
FNDA:0,(anonymous_261)
FNDA:0,(anonymous_262)
FNDA:0,(anonymous_263)
FNDA:0,(anonymous_264)
FNDA:0,(anonymous_265)
FNDA:0,(anonymous_266)
FNDA:0,Ka
FNDA:0,(anonymous_268)
FNDA:0,$i
FNDA:0,Ze
FNDA:0,xl
FNDA:0,Pl
FNDA:0,dr
FNDA:0,hn
FNDA:0,(anonymous_275)
FNDA:0,(anonymous_276)
FNDA:0,(anonymous_277)
FNDA:0,(anonymous_278)
FNDA:0,(anonymous_279)
FNDA:0,(anonymous_280)
FNDA:0,(anonymous_281)
FNDA:0,(anonymous_282)
FNDA:0,Tl
FNDA:0,yn
FNDA:0,Al
FNDA:0,Rl
FNDA:0,Cl
FNDA:0,Ue
FNDA:0,wn
FNDA:0,En
FNDA:0,bn
FNDA:0,gr
FNDA:0,xn
FNDA:0,N
FNDA:0,(anonymous_295)
FNDA:0,(anonymous_296)
FNDA:0,(anonymous_297)
FNDA:0,(anonymous_298)
FNDA:0,(anonymous_299)
FNDA:0,(anonymous_300)
FNDA:0,(anonymous_301)
FNDA:0,(anonymous_302)
FNDA:0,(anonymous_303)
FNDA:0,(anonymous_304)
FNDA:0,(anonymous_305)
FNDA:0,(anonymous_306)
FNDA:0,(anonymous_307)
FNDA:0,(anonymous_308)
FNDA:0,Se
FNDA:0,no
FNDA:0,At
FNDA:0,(anonymous_313)
FNDA:0,Il
FNDA:0,Pn
FNDA:0,Xe
FNDA:0,yr
FNDA:0,(anonymous_318)
FNDA:0,(anonymous_319)
FNDA:0,(anonymous_320)
FNDA:0,(anonymous_321)
FNDA:0,(anonymous_322)
FNDA:0,(anonymous_323)
FNDA:0,(anonymous_324)
FNDA:0,(anonymous_325)
FNDA:0,(anonymous_326)
FNDA:0,(anonymous_327)
FNDA:0,(anonymous_328)
FNDA:0,(anonymous_329)
FNDA:0,(anonymous_330)
FNDA:0,(anonymous_331)
FNDA:0,(anonymous_332)
FNDA:0,(anonymous_333)
FNDA:0,(anonymous_334)
FNDA:0,(anonymous_335)
FNDA:0,(anonymous_336)
FNDA:0,(anonymous_337)
FNDA:0,(anonymous_338)
FNDA:0,(anonymous_339)
FNDA:0,(anonymous_340)
FNDA:0,(anonymous_341)
FNDA:0,(anonymous_342)
FNDA:0,(anonymous_343)
FNDA:0,(anonymous_344)
FNDA:0,(anonymous_345)
FNDA:0,(anonymous_346)
FNDA:0,(anonymous_347)
FNDA:0,(anonymous_348)
FNDA:0,(anonymous_349)
FNDA:0,(anonymous_350)
FNDA:0,(anonymous_351)
FNDA:0,(anonymous_352)
FNDA:0,(anonymous_353)
FNDA:0,(anonymous_354)
FNDA:0,(anonymous_355)
FNDA:0,(anonymous_356)
FNDA:0,(anonymous_357)
FNDA:0,(anonymous_358)
FNDA:0,(anonymous_359)
FNDA:0,(anonymous_360)
FNDA:0,(anonymous_361)
FNDA:0,(anonymous_362)
FNDA:0,(anonymous_363)
FNDA:0,(anonymous_364)
FNDA:0,(anonymous_365)
FNDA:0,(anonymous_366)
FNDA:0,(anonymous_367)
FNDA:0,(anonymous_368)
FNDA:0,(anonymous_369)
FNDA:0,(anonymous_370)
FNDA:0,(anonymous_371)
FNDA:0,(anonymous_372)
FNDA:0,(anonymous_373)
FNDA:0,(anonymous_374)
FNDA:0,(anonymous_375)
FNDA:0,z
FNDA:0,ne
FNDA:0,Rt
FNDA:0,wr
FNDA:0,Nl
FNDA:0,(anonymous_381)
FNDA:0,e
FNDA:0,t
FNDA:0,r
FNDA:0,(anonymous_385)
FNDA:0,k
FNDA:0,ye
FNDA:0,Tr
FNDA:0,Pr
FNDA:0,he
FNDA:0,mo
FNDA:0,Ie
FNDA:0,fo
FNDA:0,io
FNDA:0,go
FNDA:0,Rn
FNDA:0,Oe
FNDA:0,ho
FNDA:0,Er
FNDA:0,Fl
FNDA:0,Ll
FNDA:0,tt
FNDA:0,Ar
FNDA:0,yo
FNDA:0,Cn
FNDA:0,oo
FNDA:0,Ul
FNDA:0,Bl
FNDA:0,ql
FNDA:0,Vl
FNDA:0,$l
FNDA:0,jl
FNDA:0,Gl
FNDA:0,Jl
FNDA:0,Ql
FNDA:0,Kl
FNDA:0,Wl
FNDA:0,Hl
FNDA:0,zl
FNDA:0,Yl
FNDA:0,Zl
FNDA:0,wo
FNDA:0,i
FNDA:0,Xl
FNDA:0,eu
FNDA:0,tu
FNDA:0,ru
FNDA:0,so
FNDA:0,nu
FNDA:0,iu
FNDA:0,ou
FNDA:0,su
FNDA:0,au
FNDA:0,lu
FNDA:0,uu
FNDA:0,cu
FNDA:0,pu
FNDA:0,mu
FNDA:0,fu
FNDA:0,du
FNDA:0,gu
FNDA:0,hu
FNDA:0,yu
FNDA:0,wu
FNDA:0,Eu
FNDA:0,bu
FNDA:0,xu
FNDA:0,Pu
FNDA:0,rt
FNDA:0,(anonymous_450)
FNDA:0,(anonymous_451)
FNDA:0,vu
FNDA:0,(anonymous_453)
FNDA:0,(anonymous_454)
FNDA:0,(anonymous_455)
FNDA:0,(anonymous_456)
FNDA:0,(anonymous_457)
FNDA:0,(anonymous_458)
FNDA:0,(anonymous_459)
FNDA:0,(anonymous_460)
FNDA:0,(anonymous_461)
FNDA:0,Cu
FNDA:0,Su
FNDA:0,Iu
FNDA:0,Cr
FNDA:0,Po
FNDA:0,(anonymous_467)
FNDA:0,vo
FNDA:0,(anonymous_469)
FNDA:0,Ou
FNDA:0,ku
FNDA:0,Du
FNDA:0,(anonymous_473)
FNDA:0,bo
FNDA:0,xo
FNDA:0,(anonymous_476)
FNDA:0,(anonymous_477)
FNDA:0,(anonymous_478)
FNDA:0,(anonymous_479)
FNDA:0,(anonymous_480)
FNDA:0,(anonymous_481)
FNDA:0,(anonymous_482)
FNDA:0,(anonymous_483)
FNDA:0,(anonymous_484)
FNDA:0,(anonymous_485)
FNDA:0,(anonymous_486)
FNDA:0,(anonymous_487)
FNDA:0,(anonymous_488)
FNDA:0,(anonymous_489)
FNDA:0,(anonymous_490)
FNDA:0,(anonymous_491)
FNDA:0,(anonymous_492)
FNDA:0,(anonymous_493)
FNDA:0,(anonymous_494)
FNDA:0,(anonymous_495)
FNDA:0,(anonymous_496)
FNDA:0,(anonymous_497)
FNDA:0,(anonymous_498)
FNDA:0,(anonymous_499)
FNDA:0,(anonymous_500)
FNDA:0,(anonymous_501)
FNDA:0,(anonymous_502)
FNDA:0,(anonymous_503)
FNDA:0,(anonymous_504)
FNDA:0,(anonymous_506)
FNDA:0,(anonymous_507)
FNDA:0,(anonymous_508)
FNDA:0,(anonymous_509)
FNDA:0,(anonymous_510)
FNDA:0,(anonymous_511)
FNDA:0,(anonymous_512)
FNDA:0,(anonymous_513)
FNDA:0,(anonymous_514)
FNDA:0,(anonymous_515)
FNDA:0,(anonymous_517)
FNDA:0,(anonymous_518)
FNDA:0,(anonymous_519)
FNDA:0,(anonymous_520)
FNDA:0,(anonymous_521)
FNDA:0,(anonymous_522)
FNDA:0,(anonymous_523)
FNDA:0,(anonymous_524)
FNDA:0,(anonymous_525)
FNDA:0,(anonymous_526)
FNDA:0,(anonymous_527)
FNDA:0,(anonymous_528)
FNDA:0,(anonymous_529)
FNDA:0,(anonymous_530)
FNDA:0,(anonymous_531)
FNDA:0,(anonymous_532)
FNDA:0,(anonymous_533)
FNDA:0,(anonymous_534)
FNDA:0,(anonymous_535)
FNDA:0,(anonymous_536)
FNDA:0,(anonymous_537)
FNDA:0,(anonymous_538)
FNDA:0,(anonymous_539)
FNDA:0,(anonymous_541)
FNDA:0,(anonymous_542)
FNDA:0,(anonymous_543)
FNDA:0,(anonymous_544)
FNDA:0,(anonymous_545)
FNDA:0,(anonymous_546)
FNDA:0,(anonymous_547)
FNDA:0,(anonymous_548)
FNDA:0,Sr
FNDA:0,Mu
FNDA:0,(anonymous_552)
FNDA:0,_u
FNDA:0,(anonymous_554)
FNDA:0,Nu
FNDA:0,(anonymous_556)
FNDA:0,Fu
FNDA:0,(anonymous_558)
FNDA:0,Lu
FNDA:0,(anonymous_560)
FNDA:0,Uu
FNDA:0,(anonymous_562)
FNDA:0,Bu
FNDA:0,(anonymous_564)
FNDA:0,qu
FNDA:0,(anonymous_566)
FNDA:0,Vu
FNDA:0,(anonymous_568)
FNDA:0,(anonymous_569)
FNDA:0,$u
FNDA:0,(anonymous_571)
FNDA:0,(anonymous_572)
FNDA:0,So
FNDA:0,ju
FNDA:0,(anonymous_575)
FNDA:0,(anonymous_576)
FNDA:0,Io
FNDA:0,Gu
FNDA:0,(anonymous_579)
FNDA:0,(anonymous_580)
FNDA:0,Ju
FNDA:0,(anonymous_582)
FNDA:0,(anonymous_583)
FNDA:0,Qu
FNDA:0,(anonymous_585)
FNDA:0,Ku
FNDA:0,(anonymous_587)
FNDA:0,(anonymous_588)
FNDA:0,Wu
FNDA:0,(anonymous_590)
FNDA:0,(anonymous_591)
FNDA:0,Oo
FNDA:0,Hu
FNDA:0,zu
FNDA:0,Yu
FNDA:0,ko
FNDA:0,Do
FNDA:0,at
FNDA:0,It
FNDA:0,Dr
FNDA:0,Xu
FNDA:0,(anonymous_602)
FNDA:0,(anonymous_603)
FNDA:0,lt
FNDA:0,(anonymous_605)
FNDA:0,(anonymous_606)
FNDA:0,(anonymous_607)
FNDA:0,(anonymous_608)
FNDA:0,Dn
FNDA:0,(anonymous_610)
FNDA:0,(anonymous_611)
FNDA:0,(anonymous_612)
FNDA:0,(anonymous_613)
FNDA:0,(anonymous_614)
FNDA:0,(anonymous_615)
FNDA:0,(anonymous_616)
FNDA:0,(anonymous_617)
FNDA:0,(anonymous_618)
FNDA:0,ut
FNDA:0,_o
FNDA:0,No
FNDA:0,ec
FNDA:0,Nr
FNDA:0,Fr
FNDA:0,Ee
FNDA:0,(anonymous_626)
FNDA:0,Lo
FNDA:0,tc
FNDA:0,(anonymous_629)
FNDA:0,(anonymous_630)
FNDA:0,(anonymous_631)
FNDA:0,(anonymous_632)
FNDA:0,Fo
FNDA:0,(anonymous_634)
FNDA:0,(anonymous_635)
FNDA:0,rc
FNDA:0,(anonymous_637)
FNDA:0,Uo
FNDA:0,Bo
FNDA:0,(anonymous_640)
FNDA:0,(anonymous_641)
FNDA:0,(anonymous_642)
FNDA:0,(anonymous_643)
FNDA:0,(anonymous_644)
FNDA:0,(anonymous_645)
FNDA:0,(anonymous_646)
FNDA:0,(anonymous_647)
FNDA:0,(anonymous_648)
FNDA:0,(anonymous_649)
FNDA:0,(anonymous_650)
FNDA:0,(anonymous_651)
FNDA:0,(anonymous_652)
FNDA:0,(anonymous_653)
FNDA:0,(anonymous_654)
FNDA:0,(anonymous_655)
FNDA:0,(anonymous_656)
FNDA:0,(anonymous_657)
FNDA:0,(anonymous_658)
FNDA:0,(anonymous_659)
FNDA:0,(anonymous_660)
FNDA:0,(anonymous_661)
FNDA:0,qo
FNDA:0,nc
FNDA:0,(anonymous_664)
FNDA:0,(anonymous_665)
FNDA:0,be
FNDA:0,Fn
FNDA:0,Ft
FNDA:0,oc
FNDA:0,sc
FNDA:0,ac
FNDA:0,lc
FNDA:0,uc
FNDA:0,jo
FNDA:0,Go
FNDA:0,cc
FNDA:0,pc
FNDA:0,mc
FNDA:0,Ln
FNDA:0,(anonymous_680)
FNDA:0,(anonymous_681)
FNDA:0,(anonymous_682)
FNDA:0,(anonymous_683)
FNDA:0,(anonymous_684)
FNDA:0,(anonymous_685)
FNDA:0,(anonymous_686)
FNDA:0,(anonymous_687)
FNDA:0,(anonymous_688)
FNDA:0,(anonymous_689)
FNDA:0,(anonymous_690)
FNDA:0,(anonymous_691)
FNDA:0,(anonymous_692)
FNDA:0,(anonymous_693)
FNDA:0,(anonymous_694)
FNDA:0,(anonymous_695)
FNDA:0,Jo
FNDA:0,(anonymous_697)
FNDA:0,(anonymous_698)
FNDA:0,(anonymous_699)
FNDA:0,fc
FNDA:0,(anonymous_701)
FNDA:0,(anonymous_702)
FNDA:0,dc
FNDA:0,Un
FNDA:0,(anonymous_705)
FNDA:0,(anonymous_706)
FNDA:0,(anonymous_707)
FNDA:0,(anonymous_708)
FNDA:0,gc
FNDA:0,(anonymous_710)
FNDA:0,qr
FNDA:0,(anonymous_712)
FNDA:0,(anonymous_713)
FNDA:0,(anonymous_714)
FNDA:0,(anonymous_715)
FNDA:0,(anonymous_716)
FNDA:0,(anonymous_717)
FNDA:0,hc
FNDA:0,Ko
FNDA:0,Wo
FNDA:0,Bt
FNDA:0,(anonymous_722)
FNDA:0,(anonymous_723)
FNDA:0,te
FNDA:0,(anonymous_725)
FNDA:0,(anonymous_726)
FNDA:0,Be
FNDA:0,(anonymous_728)
FNDA:0,(anonymous_729)
FNDA:0,(anonymous_730)
FNDA:0,(anonymous_731)
FNDA:0,jr
FNDA:0,(anonymous_733)
FNDA:0,(anonymous_734)
FNDA:0,(anonymous_735)
FNDA:0,(anonymous_736)
FNDA:0,(anonymous_737)
FNDA:0,me
FNDA:0,(anonymous_739)
FNDA:0,(anonymous_740)
FNDA:0,(anonymous_741)
FNDA:0,(anonymous_742)
FNDA:0,(anonymous_743)
FNDA:0,(anonymous_744)
FNDA:0,(anonymous_745)
FNDA:0,(anonymous_746)
FNDA:0,wc
FNDA:0,zo
FNDA:0,(anonymous_749)
FNDA:0,pt
FNDA:0,(anonymous_751)
FNDA:0,(anonymous_752)
FNDA:0,(anonymous_753)
FNDA:0,Gr
FNDA:0,Yo
FNDA:0,Jr
FNDA:0,bc
FNDA:0,(anonymous_758)
FNDA:0,Ne
FNDA:0,mt
FNDA:0,(anonymous_761)
FNDA:0,Pc
FNDA:0,Qr
FNDA:0,(anonymous_764)
FNDA:0,Xo
FNDA:0,vc
FNDA:0,Tc
FNDA:0,(anonymous_768)
FNDA:0,(anonymous_769)
FNDA:0,es
FNDA:0,Ac
FNDA:0,Rc
FNDA:0,(anonymous_773)
FNDA:0,(anonymous_774)
FNDA:0,ts
FNDA:0,rs
FNDA:0,(anonymous_777)
FNDA:0,(anonymous_778)
FNDA:0,(anonymous_779)
FNDA:0,ns
FNDA:0,(anonymous_781)
FNDA:0,(anonymous_782)
FNDA:0,(anonymous_783)
FNDA:0,(anonymous_784)
FNDA:0,(anonymous_785)
FNDA:0,(anonymous_786)
FNDA:0,(anonymous_787)
FNDA:0,Cc
FNDA:0,Sc
FNDA:0,$n
FNDA:0,(anonymous_791)
FNDA:0,(anonymous_792)
FNDA:0,(anonymous_793)
FNDA:0,Ic
FNDA:0,(anonymous_795)
FNDA:0,(anonymous_796)
FNDA:0,jn
FNDA:0,(anonymous_798)
FNDA:0,(anonymous_799)
FNDA:0,(anonymous_800)
FNDA:0,Dc
FNDA:0,(anonymous_802)
FNDA:0,(anonymous_803)
FNDA:0,(anonymous_804)
FNDA:0,(anonymous_805)
FNDA:0,(anonymous_806)
FNDA:0,Mc
FNDA:0,_c
FNDA:0,(anonymous_809)
FNDA:0,ss
FNDA:0,(anonymous_811)
FNDA:0,qt
FNDA:0,(anonymous_813)
FNDA:0,(anonymous_814)
FNDA:0,Nc
FNDA:0,(anonymous_816)
FNDA:0,(anonymous_817)
FNDA:0,Fc
FNDA:0,(anonymous_819)
FNDA:0,(anonymous_820)
FNDA:0,(anonymous_821)
FNDA:0,as
FNDA:0,ls
FNDA:0,us
FNDA:0,(anonymous_825)
FNDA:0,(anonymous_826)
FNDA:0,Lc
FNDA:0,(anonymous_828)
FNDA:0,Uc
FNDA:0,(anonymous_830)
FNDA:0,Kr
FNDA:0,cs
FNDA:0,(anonymous_833)
FNDA:0,ps
FNDA:0,(anonymous_835)
FNDA:0,fs
FNDA:0,qc
FNDA:0,Vc
FNDA:0,Vt
FNDA:0,gs
FNDA:0,(anonymous_841)
FNDA:0,(anonymous_842)
FNDA:0,hs
FNDA:0,ys
FNDA:0,(anonymous_845)
FNDA:0,ws
FNDA:0,(anonymous_847)
FNDA:0,(anonymous_848)
FNDA:0,(anonymous_849)
FNDA:0,Es
FNDA:0,(anonymous_851)
FNDA:0,Ps
FNDA:0,vs
FNDA:0,Ts
FNDA:0,$c
FNDA:0,jc
FNDA:0,$t
FNDA:0,Gc
FNDA:0,(anonymous_859)
FNDA:0,(anonymous_860)
FNDA:0,(anonymous_861)
FNDA:0,(anonymous_862)
FNDA:0,(anonymous_863)
FNDA:0,(anonymous_864)
FNDA:0,Zc
FNDA:0,(anonymous_866)
FNDA:0,Jn
FNDA:0,ft
FNDA:0,(anonymous_869)
FNDA:0,(anonymous_870)
FNDA:0,(anonymous_871)
FNDA:0,U
FNDA:0,(anonymous_873)
FNDA:0,Rs
FNDA:0,(anonymous_875)
FNDA:0,(anonymous_876)
FNDA:0,ep
FNDA:0,Qn
FNDA:0,(anonymous_879)
FNDA:0,(anonymous_880)
FNDA:0,(anonymous_881)
FNDA:0,(anonymous_882)
FNDA:0,(anonymous_883)
FNDA:0,(anonymous_884)
FNDA:0,(anonymous_885)
FNDA:0,(anonymous_886)
FNDA:0,(anonymous_887)
FNDA:0,(anonymous_888)
FNDA:0,(anonymous_889)
FNDA:0,(anonymous_890)
FNDA:0,(anonymous_891)
FNDA:0,(anonymous_892)
FNDA:0,(anonymous_893)
FNDA:0,np
FNDA:0,Xt
FNDA:0,ht
FNDA:0,Ss
FNDA:0,(anonymous_898)
FNDA:0,(anonymous_899)
FNDA:0,Is
FNDA:0,Os
FNDA:0,(anonymous_902)
FNDA:0,(anonymous_903)
FNDA:0,je
FNDA:0,(anonymous_905)
FNDA:0,sp
FNDA:0,Ms
FNDA:0,ap
FNDA:0,(anonymous_909)
FNDA:0,(anonymous_910)
FNDA:0,(anonymous_911)
FNDA:0,(anonymous_912)
FNDA:0,(anonymous_913)
FNDA:0,(anonymous_914)
FNDA:0,(anonymous_915)
FNDA:0,(anonymous_916)
FNDA:0,(anonymous_917)
FNDA:0,(anonymous_918)
FNDA:0,(anonymous_919)
FNDA:0,(anonymous_920)
FNDA:0,(anonymous_921)
FNDA:0,(anonymous_922)
FNDA:0,(anonymous_923)
FNDA:0,(anonymous_924)
FNDA:0,(anonymous_925)
FNDA:0,(anonymous_926)
FNDA:0,(anonymous_927)
FNDA:0,(anonymous_928)
FNDA:0,(anonymous_929)
FNDA:0,(anonymous_930)
FNDA:0,(anonymous_931)
FNDA:0,(anonymous_932)
FNDA:0,(anonymous_933)
FNDA:0,(anonymous_934)
FNDA:0,Ns
FNDA:0,(anonymous_936)
FNDA:0,(anonymous_937)
FNDA:0,S
FNDA:0,Fs
FNDA:0,Ls
FNDA:0,(anonymous_941)
FNDA:0,(anonymous_942)
FNDA:0,(anonymous_943)
FNDA:0,wt
FNDA:0,qs
FNDA:0,(anonymous_946)
FNDA:0,$s
FNDA:0,(anonymous_948)
FNDA:0,lp
FNDA:0,js
FNDA:0,Vs
FNDA:0,Xn
FNDA:0,(anonymous_953)
FNDA:0,(anonymous_954)
FNDA:0,(anonymous_955)
FNDA:0,(anonymous_956)
FNDA:0,(anonymous_957)
FNDA:0,(anonymous_958)
FNDA:0,ti
FNDA:0,(anonymous_960)
FNDA:0,(anonymous_961)
FNDA:0,(anonymous_962)
FNDA:0,(anonymous_963)
FNDA:0,(anonymous_964)
FNDA:0,(anonymous_965)
FNDA:0,(anonymous_966)
FNDA:0,Ks
FNDA:0,(anonymous_968)
FNDA:0,(anonymous_969)
FNDA:0,(anonymous_970)
FNDA:0,(anonymous_971)
FNDA:0,(anonymous_972)
FNDA:0,(anonymous_973)
FNDA:0,(anonymous_974)
FNDA:0,(anonymous_975)
FNDA:0,(anonymous_976)
FNDA:0,(anonymous_977)
FNDA:0,(anonymous_978)
FNDA:0,Ws
FNDA:0,Hs
FNDA:0,(anonymous_981)
FNDA:0,(anonymous_982)
FNDA:0,(anonymous_983)
FNDA:0,zs
FNDA:0,(anonymous_985)
FNDA:0,zr
FNDA:0,Ys
FNDA:0,ni
FNDA:0,(anonymous_989)
FNDA:0,ii
FNDA:0,(anonymous_991)
FNDA:0,(anonymous_992)
FNDA:0,(anonymous_993)
FNDA:0,(anonymous_994)
FNDA:0,(anonymous_995)
FNDA:0,(anonymous_996)
FNDA:0,(anonymous_997)
FNDA:0,(anonymous_998)
FNDA:0,(anonymous_999)
FNDA:0,(anonymous_1000)
FNDA:0,(anonymous_1001)
FNDA:0,(anonymous_1002)
FNDA:0,Ge
FNDA:0,(anonymous_1004)
FNDA:0,(anonymous_1005)
FNDA:0,(anonymous_1006)
FNDA:0,(anonymous_1007)
FNDA:0,(anonymous_1008)
FNDA:0,(anonymous_1009)
FNDA:0,oi
FNDA:0,fp
FNDA:0,(anonymous_1012)
FNDA:0,(anonymous_1013)
FNDA:0,(anonymous_1014)
FNDA:0,(anonymous_1015)
FNDA:0,(anonymous_1016)
FNDA:0,(anonymous_1017)
FNDA:0,(anonymous_1018)
FNDA:0,(anonymous_1019)
FNDA:0,(anonymous_1020)
FNDA:0,(anonymous_1021)
FNDA:0,(anonymous_1022)
FNDA:0,(anonymous_1023)
FNDA:0,(anonymous_1024)
FNDA:0,(anonymous_1025)
FNDA:0,(anonymous_1026)
FNDA:0,(anonymous_1027)
FNDA:0,gp
FNDA:0,Zs
FNDA:0,hp
FNDA:0,yp
FNDA:0,Xs
FNDA:0,(anonymous_1033)
FNDA:0,(anonymous_1034)
FNDA:0,(anonymous_1035)
FNDA:0,(anonymous_1036)
FNDA:0,(anonymous_1037)
FNDA:0,(anonymous_1038)
FNDA:0,(anonymous_1039)
FNDA:0,t
FNDA:0,(anonymous_1041)
FNDA:0,(anonymous_1042)
FNDA:0,(anonymous_1043)
FNDA:0,(anonymous_1044)
FNDA:0,(anonymous_1045)
FNDA:0,sa
FNDA:0,Et
FNDA:0,Ep
FNDA:0,(anonymous_1049)
FNDA:0,(anonymous_1050)
FNDA:0,bp
FNDA:0,ia
FNDA:0,(anonymous_1053)
FNDA:0,xp
FNDA:0,(anonymous_1055)
FNDA:0,(anonymous_1056)
FNDA:0,(anonymous_1057)
FNDA:0,(anonymous_1058)
FNDA:0,aa
FNDA:0,(anonymous_1060)
FNDA:0,(anonymous_1061)
FNDA:0,(anonymous_1062)
FNDA:0,(anonymous_1063)
FNDA:0,(anonymous_1064)
FNDA:0,(anonymous_1065)
FNDA:0,(anonymous_1066)
FNDA:0,(anonymous_1067)
FNDA:0,Ap
FNDA:0,(anonymous_1069)
FNDA:0,(anonymous_1070)
FNDA:0,(anonymous_1071)
FNDA:0,(anonymous_1072)
FNDA:0,(anonymous_1073)
FNDA:0,(anonymous_1074)
FNDA:0,(anonymous_1075)
FNDA:0,(anonymous_1076)
FNDA:0,(anonymous_1077)
FNDA:0,(anonymous_1078)
FNDA:0,(anonymous_1079)
FNDA:0,(anonymous_1080)
FNDA:0,(anonymous_1081)
FNDA:0,(anonymous_1082)
FNDA:0,(anonymous_1083)
FNDA:0,(anonymous_1084)
FNDA:0,(anonymous_1085)
FNDA:0,(anonymous_1086)
FNDA:0,(anonymous_1087)
FNDA:0,(anonymous_1088)
FNDA:0,(anonymous_1089)
FNDA:0,(anonymous_1090)
FNDA:0,(anonymous_1091)
FNDA:0,(anonymous_1092)
FNDA:0,(anonymous_1093)
FNDA:0,(anonymous_1094)
FNDA:0,(anonymous_1095)
FNDA:0,(anonymous_1096)
FNDA:0,(anonymous_1097)
FNDA:0,(anonymous_1098)
FNDA:0,(anonymous_1099)
FNDA:0,(anonymous_1100)
FNDA:0,(anonymous_1101)
FNDA:0,(anonymous_1102)
FNDA:0,(anonymous_1103)
FNDA:0,(anonymous_1104)
FNDA:0,(anonymous_1105)
FNDA:0,(anonymous_1106)
FNDA:0,(anonymous_1107)
FNDA:0,(anonymous_1108)
FNDA:0,(anonymous_1109)
FNDA:0,la
FNDA:0,Rp
FNDA:0,Sp
FNDA:0,(anonymous_1113)
DA:5,0
DA:6,0
DA:7,0
DA:8,0
DA:9,0
DA:10,0
DA:12,0
DA:15,0
DA:16,0
DA:17,0
DA:24,0
DA:25,0
DA:26,0
DA:27,0
DA:28,0
DA:29,0
DA:33,0
DA:34,0
LF:18
LH:0
BRDA:5,0,0,0
BRDA:5,0,1,0
BRDA:5,1,0,0
BRDA:5,1,1,0
BRDA:5,2,0,0
BRDA:5,2,1,0
BRDA:5,3,0,0
BRDA:5,3,1,0
BRDA:5,3,2,0
BRDA:5,4,0,0
BRDA:5,4,1,0
BRDA:5,4,2,0
BRDA:5,5,0,0
BRDA:5,5,1,0
BRDA:5,6,0,0
BRDA:5,6,1,0
BRDA:5,7,0,0
BRDA:5,7,1,0
BRDA:5,8,0,0
BRDA:5,8,1,0
BRDA:5,8,2,0
BRDA:5,9,0,0
BRDA:5,9,1,0
BRDA:5,10,0,0
BRDA:5,10,1,0
BRDA:5,11,0,0
BRDA:5,11,1,0
BRDA:5,12,0,0
BRDA:5,12,1,0
BRDA:5,13,0,0
BRDA:5,13,1,0
BRDA:5,14,0,0
BRDA:5,14,1,0
BRDA:5,15,0,0
BRDA:5,15,1,0
BRDA:5,16,0,0
BRDA:5,16,1,0
BRDA:5,17,0,0
BRDA:5,17,1,0
BRDA:5,18,0,0
BRDA:5,18,1,0
BRDA:5,19,0,0
BRDA:5,19,1,0
BRDA:5,20,0,0
BRDA:5,20,1,0
BRDA:5,21,0,0
BRDA:5,21,1,0
BRDA:5,22,0,0
BRDA:5,22,1,0
BRDA:5,23,0,0
BRDA:5,23,1,0
BRDA:5,24,0,0
BRDA:5,24,1,0
BRDA:5,25,0,0
BRDA:5,25,1,0
BRDA:5,26,0,0
BRDA:5,26,1,0
BRDA:5,27,0,0
BRDA:5,27,1,0
BRDA:5,28,0,0
BRDA:5,28,1,0
BRDA:5,29,0,0
BRDA:5,29,1,0
BRDA:5,30,0,0
BRDA:5,30,1,0
BRDA:5,31,0,0
BRDA:5,31,1,0
BRDA:5,32,0,0
BRDA:5,32,1,0
BRDA:5,32,2,0
BRDA:5,33,0,0
BRDA:5,33,1,0
BRDA:5,34,0,0
BRDA:5,34,1,0
BRDA:5,35,0,0
BRDA:5,35,1,0
BRDA:5,36,0,0
BRDA:5,36,1,0
BRDA:5,37,0,0
BRDA:5,37,1,0
BRDA:5,38,0,0
BRDA:5,38,1,0
BRDA:5,39,0,0
BRDA:5,39,1,0
BRDA:5,40,0,0
BRDA:5,40,1,0
BRDA:5,41,0,0
BRDA:5,41,1,0
BRDA:5,42,0,0
BRDA:5,42,1,0
BRDA:5,43,0,0
BRDA:5,43,1,0
BRDA:5,43,2,0
BRDA:5,43,3,0
BRDA:5,44,0,0
BRDA:5,44,1,0
BRDA:5,45,0,0
BRDA:5,45,1,0
BRDA:5,46,0,0
BRDA:5,46,1,0
BRDA:5,47,0,0
BRDA:5,47,1,0
BRDA:5,48,0,0
BRDA:5,48,1,0
BRDA:5,49,0,0
BRDA:5,49,1,0
BRDA:5,50,0,0
BRDA:5,50,1,0
BRDA:5,51,0,0
BRDA:5,51,1,0
BRDA:5,52,0,0
BRDA:5,52,1,0
BRDA:5,53,0,0
BRDA:5,53,1,0
BRDA:5,53,2,0
BRDA:5,53,3,0
BRDA:5,53,4,0
BRDA:5,53,5,0
BRDA:5,53,6,0
BRDA:5,54,0,0
BRDA:5,54,1,0
BRDA:5,55,0,0
BRDA:5,55,1,0
BRDA:5,56,0,0
BRDA:5,56,1,0
BRDA:5,57,0,0
BRDA:5,57,1,0
BRDA:5,58,0,0
BRDA:5,58,1,0
BRDA:5,59,0,0
BRDA:5,59,1,0
BRDA:5,60,0,0
BRDA:5,60,1,0
BRDA:5,60,2,0
BRDA:5,61,0,0
BRDA:5,61,1,0
BRDA:5,62,0,0
BRDA:5,62,1,0
BRDA:5,63,0,0
BRDA:5,63,1,0
BRDA:5,64,0,0
BRDA:5,64,1,0
BRDA:5,65,0,0
BRDA:5,65,1,0
BRDA:5,66,0,0
BRDA:5,66,1,0
BRDA:5,67,0,0
BRDA:5,67,1,0
BRDA:5,68,0,0
BRDA:5,68,1,0
BRDA:5,68,2,0
BRDA:5,69,0,0
BRDA:5,69,1,0
BRDA:5,70,0,0
BRDA:5,70,1,0
BRDA:5,71,0,0
BRDA:5,71,1,0
BRDA:5,72,0,0
BRDA:5,72,1,0
BRDA:5,73,0,0
BRDA:5,73,1,0
BRDA:5,74,0,0
BRDA:5,74,1,0
BRDA:5,75,0,0
BRDA:5,75,1,0
BRDA:5,76,0,0
BRDA:5,76,1,0
BRDA:5,77,0,0
BRDA:5,77,1,0
BRDA:5,78,0,0
BRDA:5,78,1,0
BRDA:5,79,0,0
BRDA:5,79,1,0
BRDA:5,80,0,0
BRDA:5,80,1,0
BRDA:5,81,0,0
BRDA:5,81,1,0
BRDA:5,82,0,0
BRDA:5,82,1,0
BRDA:5,83,0,0
BRDA:5,83,1,0
BRDA:5,84,0,0
BRDA:5,84,1,0
BRDA:5,85,0,0
BRDA:5,85,1,0
BRDA:5,86,0,0
BRDA:5,86,1,0
BRDA:5,87,0,0
BRDA:5,87,1,0
BRDA:5,88,0,0
BRDA:5,88,1,0
BRDA:5,88,2,0
BRDA:5,89,0,0
BRDA:5,89,1,0
BRDA:5,90,0,0
BRDA:5,90,1,0
BRDA:5,91,0,0
BRDA:5,91,1,0
BRDA:5,92,0,0
BRDA:5,92,1,0
BRDA:5,93,0,0
BRDA:5,93,1,0
BRDA:5,94,0,0
BRDA:5,94,1,0
BRDA:5,95,0,0
BRDA:5,95,1,0
BRDA:5,96,0,0
BRDA:5,96,1,0
BRDA:5,97,0,0
BRDA:5,97,1,0
BRDA:5,97,2,0
BRDA:5,97,3,0
BRDA:5,97,4,0
BRDA:5,97,5,0
BRDA:5,97,6,0
BRDA:5,97,7,0
BRDA:5,97,8,0
BRDA:5,97,9,0
BRDA:5,97,10,0
BRDA:5,97,11,0
BRDA:5,98,0,0
BRDA:5,98,1,0
BRDA:5,99,0,0
BRDA:5,99,1,0
BRDA:5,100,0,0
BRDA:5,100,1,0
BRDA:5,101,0,0
BRDA:5,101,1,0
BRDA:5,102,0,0
BRDA:5,102,1,0
BRDA:5,103,0,0
BRDA:5,103,1,0
BRDA:5,104,0,0
BRDA:5,104,1,0
BRDA:5,105,0,0
BRDA:5,105,1,0
BRDA:5,106,0,0
BRDA:5,106,1,0
BRDA:5,107,0,0
BRDA:5,107,1,0
BRDA:5,108,0,0
BRDA:5,108,1,0
BRDA:5,109,0,0
BRDA:5,109,1,0
BRDA:5,110,0,0
BRDA:5,110,1,0
BRDA:5,111,0,0
BRDA:5,111,1,0
BRDA:5,112,0,0
BRDA:5,112,1,0
BRDA:5,112,2,0
BRDA:5,112,3,0
BRDA:5,112,4,0
BRDA:5,112,5,0
BRDA:5,112,6,0
BRDA:5,112,7,0
BRDA:5,112,8,0
BRDA:5,112,9,0
BRDA:5,112,10,0
BRDA:5,112,11,0
BRDA:5,113,0,0
BRDA:5,113,1,0
BRDA:5,114,0,0
BRDA:5,114,1,0
BRDA:5,115,0,0
BRDA:5,115,1,0
BRDA:5,116,0,0
BRDA:5,116,1,0
BRDA:5,116,2,0
BRDA:5,117,0,0
BRDA:5,117,1,0
BRDA:5,117,2,0
BRDA:5,118,0,0
BRDA:5,118,1,0
BRDA:5,118,2,0
BRDA:5,119,0,0
BRDA:5,119,1,0
BRDA:5,120,0,0
BRDA:5,120,1,0
BRDA:5,120,2,0
BRDA:5,120,3,0
BRDA:5,120,4,0
BRDA:5,120,5,0
BRDA:5,120,6,0
BRDA:5,120,7,0
BRDA:5,120,8,0
BRDA:5,120,9,0
BRDA:5,120,10,0
BRDA:5,120,11,0
BRDA:5,121,0,0
BRDA:5,121,1,0
BRDA:5,122,0,0
BRDA:5,122,1,0
BRDA:5,123,0,0
BRDA:5,123,1,0
BRDA:5,124,0,0
BRDA:5,124,1,0
BRDA:5,125,0,0
BRDA:5,125,1,0
BRDA:5,126,0,0
BRDA:5,126,1,0
BRDA:5,127,0,0
BRDA:5,127,1,0
BRDA:5,128,0,0
BRDA:5,128,1,0
BRDA:5,129,0,0
BRDA:5,129,1,0
BRDA:5,130,0,0
BRDA:5,130,1,0
BRDA:5,131,0,0
BRDA:5,131,1,0
BRDA:5,132,0,0
BRDA:5,132,1,0
BRDA:5,133,0,0
BRDA:5,133,1,0
BRDA:5,134,0,0
BRDA:5,134,1,0
BRDA:5,135,0,0
BRDA:5,135,1,0
BRDA:5,136,0,0
BRDA:5,136,1,0
BRDA:5,137,0,0
BRDA:5,137,1,0
BRDA:5,138,0,0
BRDA:5,138,1,0
BRDA:5,139,0,0
BRDA:5,139,1,0
BRDA:5,139,2,0
BRDA:5,139,3,0
BRDA:5,140,0,0
BRDA:5,140,1,0
BRDA:5,141,0,0
BRDA:5,141,1,0
BRDA:5,142,0,0
BRDA:5,142,1,0
BRDA:5,143,0,0
BRDA:5,143,1,0
BRDA:5,144,0,0
BRDA:5,144,1,0
BRDA:5,145,0,0
BRDA:5,145,1,0
BRDA:5,146,0,0
BRDA:5,146,1,0
BRDA:5,147,0,0
BRDA:5,147,1,0
BRDA:5,148,0,0
BRDA:5,148,1,0
BRDA:5,149,0,0
BRDA:5,149,1,0
BRDA:5,150,0,0
BRDA:5,150,1,0
BRDA:5,151,0,0
BRDA:5,151,1,0
BRDA:5,152,0,0
BRDA:5,152,1,0
BRDA:5,153,0,0
BRDA:5,153,1,0
BRDA:5,154,0,0
BRDA:5,154,1,0
BRDA:5,155,0,0
BRDA:5,155,1,0
BRDA:5,156,0,0
BRDA:5,156,1,0
BRDA:5,157,0,0
BRDA:5,157,1,0
BRDA:5,158,0,0
BRDA:5,158,1,0
BRDA:5,159,0,0
BRDA:5,159,1,0
BRDA:5,160,0,0
BRDA:5,160,1,0
BRDA:5,161,0,0
BRDA:5,161,1,0
BRDA:5,162,0,0
BRDA:5,162,1,0
BRDA:5,163,0,0
BRDA:5,163,1,0
BRDA:5,164,0,0
BRDA:5,164,1,0
BRDA:5,165,0,0
BRDA:5,165,1,0
BRDA:5,166,0,0
BRDA:5,166,1,0
BRDA:5,167,0,0
BRDA:5,167,1,0
BRDA:5,167,2,0
BRDA:5,167,3,0
BRDA:5,168,0,0
BRDA:5,168,1,0
BRDA:5,169,0,0
BRDA:5,169,1,0
BRDA:5,170,0,0
BRDA:5,170,1,0
BRDA:5,171,0,0
BRDA:5,171,1,0
BRDA:5,172,0,0
BRDA:5,172,1,0
BRDA:5,173,0,0
BRDA:5,173,1,0
BRDA:5,174,0,0
BRDA:5,174,1,0
BRDA:5,175,0,0
BRDA:5,175,1,0
BRDA:5,176,0,0
BRDA:5,176,1,0
BRDA:5,177,0,0
BRDA:5,177,1,0
BRDA:5,178,0,0
BRDA:5,178,1,0
BRDA:5,179,0,0
BRDA:5,179,1,0
BRDA:5,180,0,0
BRDA:5,180,1,0
BRDA:5,181,0,0
BRDA:5,181,1,0
BRDA:5,182,0,0
BRDA:5,182,1,0
BRDA:5,183,0,0
BRDA:5,183,1,0
BRDA:5,184,0,0
BRDA:5,184,1,0
BRDA:5,185,0,0
BRDA:5,185,1,0
BRDA:5,186,0,0
BRDA:5,186,1,0
BRDA:5,187,0,0
BRDA:5,187,1,0
BRDA:5,188,0,0
BRDA:5,188,1,0
BRDA:5,189,0,0
BRDA:5,189,1,0
BRDA:5,190,0,0
BRDA:5,190,1,0
BRDA:5,191,0,0
BRDA:5,191,1,0
BRDA:5,192,0,0
BRDA:5,192,1,0
BRDA:5,192,2,0
BRDA:5,193,0,0
BRDA:5,193,1,0
BRDA:5,193,2,0
BRDA:5,193,3,0
BRDA:5,194,0,0
BRDA:5,194,1,0
BRDA:5,195,0,0
BRDA:5,195,1,0
BRDA:5,195,2,0
BRDA:5,195,3,0
BRDA:5,195,4,0
BRDA:5,195,5,0
BRDA:5,195,6,0
BRDA:5,195,7,0
BRDA:5,195,8,0
BRDA:5,195,9,0
BRDA:5,195,10,0
BRDA:5,195,11,0
BRDA:5,196,0,0
BRDA:5,196,1,0
BRDA:5,197,0,0
BRDA:5,197,1,0
BRDA:5,198,0,0
BRDA:5,198,1,0
BRDA:5,199,0,0
[...]
BRDA:10,728,1,0
BRDA:10,729,0,0
BRDA:10,729,1,0
BRDA:10,730,0,0
BRDA:10,731,0,0
BRDA:10,731,1,0
BRDA:10,732,0,0
BRDA:10,732,1,0
BRDA:10,733,0,0
BRDA:10,733,1,0
BRDA:10,734,0,0
BRDA:10,734,1,0
BRDA:10,735,0,0
BRDA:10,735,1,0
BRDA:10,736,0,0
BRDA:10,736,1,0
BRDA:10,737,0,0
BRDA:10,737,1,0
BRDA:10,738,0,0
BRDA:10,738,1,0
BRDA:10,739,0,0
BRDA:10,739,1,0
BRDA:10,740,0,0
BRDA:10,740,1,0
BRDA:10,741,0,0
BRDA:10,741,1,0
BRDA:10,742,0,0
BRDA:10,742,1,0
BRDA:10,743,0,0
BRDA:10,743,1,0
BRDA:10,744,0,0
BRDA:10,744,1,0
BRDA:10,745,0,0
BRDA:10,745,1,0
BRDA:10,746,0,0
BRDA:10,746,1,0
BRDA:10,747,0,0
BRDA:10,747,1,0
BRDA:10,748,0,0
BRDA:10,748,1,0
BRDA:10,749,0,0
BRDA:10,749,1,0
BRDA:10,750,0,0
BRDA:10,750,1,0
BRDA:10,751,0,0
BRDA:10,751,1,0
BRDA:10,752,0,0
BRDA:10,752,1,0
BRDA:10,753,0,0
BRDA:10,753,1,0
BRDA:10,754,0,0
BRDA:10,754,1,0
BRDA:10,755,0,0
BRDA:10,755,1,0
BRDA:10,756,0,0
BRDA:10,756,1,0
BRDA:10,757,0,0
BRDA:10,757,1,0
BRDA:10,758,0,0
BRDA:10,758,1,0
BRDA:10,759,0,0
BRDA:10,759,1,0
BRDA:10,760,0,0
BRDA:10,760,1,0
BRDA:10,761,0,0
BRDA:10,761,1,0
BRDA:10,762,0,0
BRDA:10,762,1,0
BRDA:10,763,0,0
BRDA:10,763,1,0
BRDA:10,764,0,0
BRDA:10,764,1,0
BRDA:10,765,0,0
BRDA:10,765,1,0
BRDA:10,766,0,0
BRDA:10,766,1,0
BRDA:10,767,0,0
BRDA:10,767,1,0
BRDA:10,768,0,0
BRDA:10,768,1,0
BRDA:10,769,0,0
BRDA:10,769,1,0
BRDA:10,770,0,0
BRDA:10,770,1,0
BRDA:10,771,0,0
BRDA:10,771,1,0
BRDA:10,771,2,0
BRDA:10,772,0,0
BRDA:10,772,1,0
BRDA:10,773,0,0
BRDA:10,773,1,0
BRDA:10,773,2,0
BRDA:10,774,0,0
BRDA:10,774,1,0
BRDA:10,775,0,0
BRDA:10,775,1,0
BRDA:10,776,0,0
BRDA:10,776,1,0
BRDA:10,776,2,0
BRDA:10,776,3,0
BRDA:10,777,0,0
BRDA:10,777,1,0
BRDA:10,778,0,0
BRDA:10,778,1,0
BRDA:10,779,0,0
BRDA:10,779,1,0
BRDA:10,780,0,0
BRDA:10,780,1,0
BRDA:10,781,0,0
BRDA:10,781,1,0
BRDA:10,782,0,0
BRDA:10,782,1,0
BRDA:10,783,0,0
BRDA:10,783,1,0
BRDA:10,783,2,0
BRDA:10,783,3,0
BRDA:10,784,0,0
BRDA:10,784,1,0
BRDA:10,785,0,0
BRDA:10,785,1,0
BRDA:10,786,0,0
BRDA:10,786,1,0
BRDA:10,787,0,0
BRDA:10,787,1,0
BRDA:10,788,0,0
BRDA:10,788,1,0
BRDA:10,789,0,0
BRDA:10,789,1,0
BRDA:10,790,0,0
BRDA:10,791,0,0
BRDA:10,791,1,0
BRDA:10,791,2,0
BRDA:10,792,0,0
BRDA:10,792,1,0
BRDA:10,793,0,0
BRDA:10,793,1,0
BRDA:10,794,0,0
BRDA:10,794,1,0
BRDA:10,795,0,0
BRDA:10,795,1,0
BRDA:10,796,0,0
BRDA:10,797,0,0
BRDA:10,797,1,0
BRDA:10,798,0,0
BRDA:10,798,1,0
BRDA:10,799,0,0
BRDA:10,799,1,0
BRDA:10,800,0,0
BRDA:10,800,1,0
BRDA:10,801,0,0
BRDA:10,801,1,0
BRDA:10,802,0,0
BRDA:10,802,1,0
BRDA:10,803,0,0
BRDA:10,803,1,0
BRDA:10,804,0,0
BRDA:10,805,0,0
BRDA:10,806,0,0
BRDA:10,807,0,0
BRDA:10,807,1,0
BRDA:10,808,0,0
BRDA:10,808,1,0
BRDA:10,808,2,0
BRDA:10,808,3,0
BRDA:10,809,0,0
BRDA:10,809,1,0
BRDA:10,810,0,0
BRDA:10,810,1,0
BRDA:12,811,0,0
BRDA:12,811,1,0
BRDA:12,812,0,0
BRDA:12,812,1,0
BRDA:12,813,0,0
BRDA:12,813,1,0
BRDA:12,814,0,0
BRDA:12,814,1,0
BRDA:12,814,2,0
BRDA:12,815,0,0
BRDA:12,815,1,0
BRDA:12,816,0,0
BRDA:12,816,1,0
BRDA:12,817,0,0
BRDA:12,817,1,0
BRDA:12,818,0,0
BRDA:12,818,1,0
BRDA:12,819,0,0
BRDA:12,819,1,0
BRDA:12,820,0,0
BRDA:12,820,1,0
BRDA:12,821,0,0
BRDA:12,821,1,0
BRDA:12,821,2,0
BRDA:12,821,3,0
BRDA:12,821,4,0
BRDA:12,821,5,0
BRDA:12,822,0,0
BRDA:12,822,1,0
BRDA:12,823,0,0
BRDA:12,823,1,0
BRDA:12,824,0,0
BRDA:12,824,1,0
BRDA:12,825,0,0
BRDA:12,825,1,0
BRDA:12,826,0,0
BRDA:12,826,1,0
BRDA:12,827,0,0
BRDA:12,827,1,0
BRDA:12,828,0,0
BRDA:12,828,1,0
BRDA:12,829,0,0
BRDA:12,829,1,0
BRDA:12,830,0,0
BRDA:12,830,1,0
BRDA:12,831,0,0
BRDA:12,831,1,0
BRDA:12,832,0,0
BRDA:12,832,1,0
BRDA:15,833,0,0
BRDA:15,833,1,0
BRDA:15,834,0,0
BRDA:15,834,1,0
BRDA:15,835,0,0
BRDA:15,835,1,0
BRDA:15,836,0,0
BRDA:15,836,1,0
BRDA:15,837,0,0
BRDA:15,837,1,0
BRDA:15,838,0,0
BRDA:15,838,1,0
BRDA:15,839,0,0
BRDA:15,839,1,0
BRDA:15,840,0,0
BRDA:15,840,1,0
BRDA:15,841,0,0
BRDA:15,841,1,0
BRDA:15,842,0,0
BRDA:15,842,1,0
BRDA:15,843,0,0
BRDA:15,843,1,0
BRDA:15,844,0,0
BRDA:15,844,1,0
BRDA:15,845,0,0
BRDA:15,845,1,0
BRDA:15,846,0,0
BRDA:15,846,1,0
BRDA:15,847,0,0
BRDA:15,847,1,0
BRDA:15,847,2,0
BRDA:15,848,0,0
BRDA:15,848,1,0
BRDA:15,849,0,0
BRDA:15,849,1,0
BRDA:15,850,0,0
BRDA:15,850,1,0
BRDA:15,851,0,0
BRDA:15,851,1,0
BRDA:15,852,0,0
BRDA:15,852,1,0
BRDA:15,853,0,0
BRDA:15,853,1,0
BRDA:15,854,0,0
BRDA:15,854,1,0
BRDA:15,855,0,0
BRDA:15,855,1,0
BRDA:15,856,0,0
BRDA:15,856,1,0
BRDA:15,857,0,0
BRDA:15,857,1,0
BRDA:15,858,0,0
BRDA:15,858,1,0
BRDA:15,859,0,0
BRDA:15,859,1,0
BRDA:15,860,0,0
BRDA:15,860,1,0
BRDA:15,861,0,0
BRDA:15,861,1,0
BRDA:15,862,0,0
BRDA:15,862,1,0
BRDA:15,863,0,0
BRDA:15,863,1,0
BRDA:15,864,0,0
BRDA:15,864,1,0
BRDA:15,865,0,0
BRDA:15,865,1,0
BRDA:15,866,0,0
BRDA:15,866,1,0
BRDA:15,867,0,0
BRDA:15,867,1,0
BRDA:15,868,0,0
BRDA:15,868,1,0
BRDA:15,869,0,0
BRDA:15,869,1,0
BRDA:15,870,0,0
BRDA:15,870,1,0
BRDA:15,871,0,0
BRDA:15,871,1,0
BRDA:15,872,0,0
BRDA:15,872,1,0
BRDA:15,873,0,0
BRDA:15,873,1,0
BRDA:15,874,0,0
BRDA:15,874,1,0
BRDA:15,875,0,0
BRDA:15,875,1,0
BRDA:15,876,0,0
BRDA:15,876,1,0
BRDA:15,877,0,0
BRDA:15,877,1,0
BRDA:15,878,0,0
BRDA:15,878,1,0
BRDA:15,879,0,0
BRDA:15,879,1,0
BRDA:15,880,0,0
BRDA:15,880,1,0
BRDA:15,881,0,0
BRDA:15,881,1,0
BRDA:15,882,0,0
BRDA:15,882,1,0
BRDA:16,883,0,0
BRDA:16,883,1,0
BRDA:16,884,0,0
BRDA:16,884,1,0
BRDA:16,885,0,0
BRDA:16,885,1,0
BRDA:16,886,0,0
BRDA:16,886,1,0
BRDA:16,887,0,0
BRDA:16,887,1,0
BRDA:16,888,0,0
BRDA:16,888,1,0
BRDA:16,889,0,0
BRDA:16,889,1,0
BRDA:16,890,0,0
BRDA:16,890,1,0
BRDA:16,891,0,0
BRDA:16,891,1,0
BRDA:16,892,0,0
BRDA:16,892,1,0
BRDA:16,893,0,0
BRDA:16,893,1,0
BRDA:16,894,0,0
BRDA:16,894,1,0
BRDA:16,895,0,0
BRDA:16,895,1,0
BRDA:16,895,2,0
BRDA:17,896,0,0
BRDA:17,896,1,0
BRDA:17,897,0,0
BRDA:17,897,1,0
BRDA:17,897,2,0
BRDA:17,897,3,0
BRDA:17,897,4,0
BRDA:17,897,5,0
BRDA:17,898,0,0
BRDA:17,898,1,0
BRDA:17,899,0,0
BRDA:17,899,1,0
BRDA:17,899,2,0
BRDA:17,899,3,0
BRDA:17,900,0,0
BRDA:17,900,1,0
BRDA:17,901,0,0
BRDA:17,901,1,0
BRDA:17,902,0,0
BRDA:17,902,1,0
BRDA:17,903,0,0
BRDA:17,903,1,0
BRDA:17,904,0,0
BRDA:17,905,0,0
BRDA:17,905,1,0
BRDA:17,906,0,0
BRDA:17,906,1,0
BRDA:17,906,2,0
BRDA:17,907,0,0
BRDA:17,907,1,0
BRDA:17,908,0,0
BRDA:17,908,1,0
BRDA:19,909,0,0
BRDA:19,909,1,0
BRDA:19,910,0,0
BRDA:19,910,1,0
BRDA:19,911,0,0
BRDA:19,911,1,0
BRDA:19,912,0,0
BRDA:19,912,1,0
BRDA:19,913,0,0
BRDA:19,913,1,0
BRDA:19,914,0,0
BRDA:19,914,1,0
BRDA:19,915,0,0
BRDA:19,915,1,0
BRDA:19,916,0,0
BRDA:19,916,1,0
BRDA:19,917,0,0
BRDA:19,917,1,0
BRDA:19,918,0,0
BRDA:19,918,1,0
BRDA:19,919,0,0
BRDA:19,919,1,0
BRDA:19,920,0,0
BRDA:19,920,1,0
BRDA:19,921,0,0
BRDA:19,921,1,0
BRDA:19,922,0,0
BRDA:19,922,1,0
BRDA:19,923,0,0
BRDA:19,923,1,0
BRDA:19,924,0,0
BRDA:19,924,1,0
BRDA:19,925,0,0
BRDA:19,925,1,0
BRDA:19,926,0,0
BRDA:19,926,1,0
BRDA:19,927,0,0
BRDA:19,927,1,0
BRDA:19,928,0,0
BRDA:19,928,1,0
BRDA:19,929,0,0
BRDA:19,929,1,0
BRDA:19,930,0,0
BRDA:19,930,1,0
BRDA:19,930,2,0
BRDA:19,931,0,0
BRDA:19,931,1,0
BRDA:26,932,0,0
BRDA:26,932,1,0
BRDA:26,933,0,0
BRDA:26,933,1,0
BRDA:26,934,0,0
BRDA:26,934,1,0
BRDA:26,935,0,0
BRDA:26,935,1,0
BRDA:26,935,2,0
BRDA:26,935,3,0
BRDA:26,935,4,0
BRDA:26,935,5,0
BRDA:26,935,6,0
BRDA:26,936,0,0
BRDA:26,936,1,0
BRDA:26,937,0,0
BRDA:26,938,0,0
BRDA:26,938,1,0
BRDA:26,939,0,0
BRDA:26,939,1,0
BRDA:26,940,0,0
BRDA:26,940,1,0
BRDA:26,941,0,0
BRDA:26,941,1,0
BRDA:26,942,0,0
BRDA:26,942,1,0
BRDA:26,942,2,0
BRDA:26,943,0,0
BRDA:26,944,0,0
BRDA:26,944,1,0
BRDA:26,945,0,0
BRDA:26,945,1,0
BRDA:26,946,0,0
BRDA:26,946,1,0
BRDA:26,947,0,0
BRDA:26,947,1,0
BRDA:26,948,0,0
BRDA:26,948,1,0
BRDA:26,949,0,0
BRDA:26,949,1,0
BRDA:26,949,2,0
BRDA:26,950,0,0
BRDA:26,950,1,0
BRDA:26,951,0,0
BRDA:26,951,1,0
BRDA:26,952,0,0
BRDA:26,952,1,0
BRDA:26,953,0,0
BRDA:26,953,1,0
BRDA:26,954,0,0
BRDA:26,954,1,0
BRDA:26,955,0,0
BRDA:26,955,1,0
BRDA:26,956,0,0
BRDA:26,956,1,0
BRDA:26,957,0,0
BRDA:26,957,1,0
BRDA:26,958,0,0
BRDA:26,958,1,0
BRDA:26,959,0,0
BRDA:26,959,1,0
BRDA:26,960,0,0
BRDA:26,960,1,0
BRDA:26,961,0,0
BRDA:26,961,1,0
BRDA:26,962,0,0
BRDA:26,962,1,0
BRDA:26,963,0,0
BRDA:26,963,1,0
BRDA:26,964,0,0
BRDA:26,964,1,0
BRDA:26,964,2,0
BRDA:26,964,3,0
BRDA:26,964,4,0
BRDA:26,964,5,0
BRDA:26,964,6,0
BRDA:26,964,7,0
BRDA:26,964,8,0
BRDA:26,964,9,0
BRDA:26,964,10,0
BRDA:26,964,11,0
BRDA:26,964,12,0
BRDA:26,965,0,0
BRDA:26,965,1,0
BRDA:26,966,0,0
BRDA:26,966,1,0
BRDA:26,967,0,0
BRDA:26,967,1,0
BRDA:26,968,0,0
BRDA:26,968,1,0
BRDA:26,969,0,0
BRDA:26,969,1,0
BRDA:26,970,0,0
BRDA:26,970,1,0
BRDA:26,971,0,0
BRDA:26,971,1,0
BRDA:26,972,0,0
BRDA:26,972,1,0
BRDA:26,973,0,0
BRDA:26,973,1,0
BRDA:26,974,0,0
BRDA:26,974,1,0
BRDA:26,975,0,0
BRDA:26,975,1,0
BRDA:26,976,0,0
BRDA:26,976,1,0
BRDA:26,977,0,0
BRDA:26,977,1,0
BRDA:26,978,0,0
BRDA:26,978,1,0
BRDA:26,979,0,0
BRDA:26,979,1,0
BRDA:26,980,0,0
BRDA:26,980,1,0
BRDA:26,981,0,0
BRDA:26,981,1,0
BRDA:26,982,0,0
BRDA:26,982,1,0
BRDA:26,983,0,0
BRDA:26,983,1,0
BRDA:26,984,0,0
BRDA:26,984,1,0
BRDA:26,985,0,0
BRDA:26,985,1,0
BRDA:26,986,0,0
BRDA:26,986,1,0
BRDA:26,987,0,0
BRDA:26,987,1,0
BRDA:26,988,0,0
BRDA:26,988,1,0
BRDA:26,989,0,0
BRDA:26,989,1,0
BRDA:26,990,0,0
BRDA:26,990,1,0
BRDA:26,991,0,0
BRDA:26,991,1,0
BRDA:26,992,0,0
BRDA:26,992,1,0
BRDA:26,993,0,0
BRDA:26,993,1,0
BRDA:26,993,2,0
BRDA:26,994,0,0
BRDA:26,994,1,0
BRDA:26,995,0,0
BRDA:26,995,1,0
BRDA:26,996,0,0
BRDA:26,996,1,0
BRDA:27,997,0,0
BRDA:27,997,1,0
BRDA:27,998,0,0
BRDA:27,998,1,0
BRDA:27,999,0,0
BRDA:27,999,1,0
BRDA:27,1000,0,0
BRDA:27,1000,1,0
BRDA:27,1001,0,0
BRDA:27,1001,1,0
BRDA:27,1002,0,0
BRDA:27,1002,1,0
BRDA:27,1003,0,0
BRDA:27,1003,1,0
BRDA:28,1004,0,0
BRDA:28,1004,1,0
BRDA:28,1005,0,0
BRDA:28,1005,1,0
BRDA:28,1006,0,0
BRDA:28,1006,1,0
BRDA:29,1007,0,0
BRDA:29,1007,1,0
BRDA:30,1008,0,0
BRDA:30,1008,1,0
BRDA:30,1009,0,0
BRDA:30,1009,1,0
BRDA:30,1010,0,0
BRDA:30,1010,1,0
BRDA:30,1011,0,0
BRDA:30,1011,1,0
BRDA:30,1012,0,0
BRDA:30,1012,1,0
BRDA:30,1013,0,0
BRDA:30,1013,1,0
BRDA:30,1014,0,0
BRDA:30,1014,1,0
BRDA:31,1015,0,0
BRDA:31,1015,1,0
BRDA:31,1016,0,0
BRDA:31,1016,1,0
BRDA:31,1017,0,0
BRDA:31,1017,1,0
BRDA:31,1018,0,0
BRDA:31,1018,1,0
BRDA:31,1019,0,0
BRDA:31,1019,1,0
BRDA:31,1020,0,0
BRDA:31,1020,1,0
BRDA:31,1021,0,0
BRDA:31,1021,1,0
BRDA:31,1022,0,0
BRDA:31,1022,1,0
BRDA:31,1023,0,0
BRDA:31,1023,1,0
BRDA:31,1024,0,0
BRDA:31,1024,1,0
BRDA:31,1025,0,0
BRDA:31,1025,1,0
BRDA:31,1026,0,0
BRDA:31,1026,1,0
BRDA:31,1027,0,0
BRDA:31,1027,1,0
BRDA:31,1028,0,0
BRDA:31,1028,1,0
BRDA:31,1029,0,0
BRDA:31,1029,1,0
BRDA:31,1030,0,0
BRDA:31,1030,1,0
BRDA:31,1031,0,0
BRDA:31,1031,1,0
BRDA:31,1032,0,0
BRDA:31,1032,1,0
BRDA:31,1033,0,0
BRDA:31,1033,1,0
BRDA:31,1034,0,0
BRDA:31,1034,1,0
BRDA:31,1035,0,0
BRDA:31,1035,1,0
BRDA:31,1036,0,0
BRDA:31,1036,1,0
BRDA:31,1037,0,0
BRDA:31,1037,1,0
BRDA:31,1038,0,0
BRDA:31,1038,1,0
BRDA:31,1039,0,0
BRDA:31,1039,1,0
BRDA:31,1040,0,0
BRDA:31,1040,1,0
BRDA:31,1041,0,0
BRDA:31,1041,1,0
BRDA:31,1042,0,0
BRDA:31,1042,1,0
BRDA:31,1043,0,0
BRDA:31,1043,1,0
BRDA:31,1044,0,0
BRDA:31,1044,1,0
BRDA:31,1045,0,0
BRDA:31,1045,1,0
BRDA:31,1046,0,0
BRDA:31,1046,1,0
BRDA:31,1047,0,0
BRDA:31,1047,1,0
BRDA:31,1048,0,0
BRDA:31,1048,1,0
BRDA:31,1049,0,0
BRDA:31,1049,1,0
BRDA:31,1050,0,0
BRDA:31,1050,1,0
BRDA:31,1051,0,0
BRDA:31,1051,1,0
BRDA:31,1052,0,0
BRDA:31,1052,1,0
BRDA:31,1052,2,0
BRDA:31,1052,3,0
BRDA:35,1053,0,0
BRDA:35,1053,1,0
BRDA:35,1054,0,0
BRDA:35,1054,1,0
BRDA:35,1055,0,0
BRDA:35,1055,1,0
BRDA:35,1056,0,0
BRDA:35,1056,1,0
BRDA:35,1057,0,0
BRDA:35,1057,1,0
BRDA:35,1058,0,0
BRDA:35,1058,1,0
BRDA:35,1059,0,0
BRDA:35,1059,1,0
BRDA:35,1060,0,0
BRDA:35,1060,1,0
BRDA:35,1061,0,0
BRDA:35,1061,1,0
BRDA:35,1062,0,0
BRDA:35,1062,1,0
BRDA:35,1063,0,0
BRDA:35,1063,1,0
BRDA:35,1064,0,0
BRDA:35,1064,1,0
BRDA:35,1065,0,0
BRDA:35,1065,1,0
BRDA:35,1066,0,0
BRDA:35,1066,1,0
BRDA:35,1067,0,0
BRDA:35,1067,1,0
BRDA:35,1068,0,0
BRDA:35,1068,1,0
BRDA:35,1069,0,0
BRDA:35,1069,1,0
BRDA:35,1070,0,0
BRDA:35,1070,1,0
BRDA:35,1071,0,0
BRDA:35,1071,1,0
BRDA:35,1072,0,0
BRDA:35,1072,1,0
BRDA:35,1073,0,0
BRDA:35,1073,1,0
BRDA:35,1074,0,0
BRDA:35,1074,1,0
BRDA:35,1075,0,0
BRDA:35,1075,1,0
BRDA:35,1076,0,0
BRDA:35,1076,1,0
BRDA:35,1077,0,0
BRDA:35,1077,1,0
BRDA:35,1078,0,0
BRDA:35,1078,1,0
BRDA:35,1079,0,0
BRDA:35,1079,1,0
BRDA:35,1080,0,0
BRDA:35,1080,1,0
BRDA:35,1081,0,0
BRDA:35,1081,1,0
BRDA:35,1082,0,0
BRDA:35,1082,1,0
BRDA:35,1083,0,0
BRDA:35,1083,1,0
BRDA:35,1084,0,0
BRDA:35,1084,1,0
BRDA:35,1085,0,0
BRDA:35,1085,1,0
BRDA:35,1086,0,0
BRDA:35,1086,1,0
BRDA:35,1087,0,0
BRDA:35,1087,1,0
BRDA:35,1088,0,0
BRDA:35,1088,1,0
BRDA:35,1089,0,0
BRDA:35,1089,1,0
BRDA:35,1090,0,0
BRDA:35,1090,1,0
BRDA:35,1091,0,0
BRDA:35,1091,1,0
BRDA:35,1092,0,0
BRDA:35,1092,1,0
BRDA:35,1093,0,0
BRDA:35,1093,1,0
BRDA:35,1094,0,0
BRDA:35,1094,1,0
BRDA:35,1095,0,0
BRDA:35,1095,1,0
BRDA:35,1096,0,0
BRDA:35,1096,1,0
BRDA:35,1097,0,0
BRDA:35,1097,1,0
BRDA:35,1098,0,0
BRDA:35,1098,1,0
BRDA:35,1099,0,0
BRDA:35,1099,1,0
BRDA:35,1100,0,0
BRDA:35,1100,1,0
BRDA:35,1101,0,0
BRDA:35,1101,1,0
BRDA:35,1102,0,0
BRDA:35,1102,1,0
BRDA:35,1103,0,0
BRDA:35,1103,1,0
BRDA:35,1104,0,0
BRDA:35,1104,1,0
BRDA:35,1105,0,0
BRDA:35,1105,1,0
BRDA:35,1106,0,0
BRDA:35,1106,1,0
BRDA:35,1107,0,0
BRDA:35,1107,1,0
BRDA:35,1108,0,0
BRDA:35,1108,1,0
BRDA:35,1109,0,0
BRDA:35,1109,1,0
BRDA:35,1110,0,0
BRDA:35,1110,1,0
BRDA:35,1111,0,0
BRDA:35,1111,1,0
BRDA:35,1112,0,0
BRDA:35,1112,1,0
BRDA:35,1113,0,0
BRDA:35,1113,1,0
BRDA:35,1114,0,0
BRDA:35,1114,1,0
BRDA:35,1115,0,0
BRDA:35,1115,1,0
BRDA:35,1116,0,0
BRDA:35,1116,1,0
BRDA:35,1116,2,0
BRDA:35,1117,0,0
BRDA:35,1117,1,0
BRDA:35,1118,0,0
BRDA:35,1118,1,0
BRDA:35,1119,0,0
BRDA:35,1119,1,0
BRDA:36,1120,0,0
BRDA:36,1120,1,0
BRDA:36,1121,0,0
BRDA:36,1121,1,0
BRDA:36,1122,0,0
BRDA:36,1122,1,0
BRDA:36,1123,0,0
BRDA:36,1123,1,0
BRDA:36,1124,0,0
BRDA:36,1124,1,0
BRDA:36,1125,0,0
BRDA:36,1125,1,0
BRF:2339
BRH:0
end_of_record
TN:
SF:src/hooks/useApiUrl.ts
FN:8,useApiUrl
FNF:1
FNH:0
FNDA:0,useApiUrl
DA:8,0
DA:9,0
LF:2
LH:0
BRDA:9,0,0,0
BRDA:9,0,1,0
BRF:2
BRH:0
end_of_record
TN:
SF:src/hooks/useClips.ts
FN:49,useClips
FN:55,(anonymous_2)
FN:84,(anonymous_3)
FN:92,(anonymous_4)
FNF:4
FNH:4
FNDA:29,useClips
FNDA:17,(anonymous_2)
FNDA:15,(anonymous_3)
FNDA:2,(anonymous_4)
DA:3,1
DA:4,1
DA:49,29
DA:50,29
DA:51,29
DA:52,29
DA:53,29
DA:55,29
DA:56,17
DA:57,3
DA:58,3
DA:59,3
DA:62,14
DA:63,14
DA:64,14
DA:66,14
DA:68,13
DA:69,2
DA:72,11
DA:73,11
DA:75,3
DA:76,3
DA:77,3
DA:79,14
DA:84,29
DA:85,15
DA:92,29
DA:93,2
DA:96,29
LF:29
LH:29
BRDA:56,0,0,3
BRDA:56,0,1,14
BRDA:68,1,0,2
BRDA:68,1,1,11
BRDA:73,2,0,11
BRDA:73,2,1,1
BRDA:75,3,0,3
BRDA:75,3,1,0
BRF:8
BRH:7
end_of_record
TN:
SF:src/hooks/useFonts.ts
FN:19,useFonts
FN:28,(anonymous_2)
FN:31,(anonymous_3)
FN:62,(anonymous_4)
FN:88,(anonymous_5)
FN:110,(anonymous_6)
FN:115,(anonymous_7)
FN:116,(anonymous_8)
FNF:8
FNH:0
FNDA:0,useFonts
FNDA:0,(anonymous_2)
FNDA:0,(anonymous_3)
FNDA:0,(anonymous_4)
FNDA:0,(anonymous_5)
FNDA:0,(anonymous_6)
FNDA:0,(anonymous_7)
FNDA:0,(anonymous_8)
DA:3,0
DA:5,0
DA:19,0
DA:20,0
DA:21,0
DA:22,0
DA:23,0
DA:28,0
DA:29,0
DA:30,0
DA:32,0
DA:44,0
DA:45,0
DA:46,0
DA:50,0
DA:51,0
DA:52,0
DA:53,0
DA:55,0
DA:62,0
DA:63,0
DA:64,0
DA:65,0
DA:67,0
DA:68,0
DA:69,0
DA:72,0
DA:73,0
DA:74,0
DA:75,0
DA:77,0
DA:78,0
DA:79,0
DA:81,0
DA:88,0
DA:89,0
DA:90,0
DA:92,0
DA:96,0
DA:97,0
DA:101,0
DA:103,0
DA:104,0
DA:105,0
DA:110,0
DA:111,0
DA:115,0
DA:116,0
DA:117,0
DA:118,0
DA:119,0
DA:124,0
LF:52
LH:0
BRDA:36,0,0,0
BRDA:36,0,1,0
BRDA:37,1,0,0
BRDA:37,1,1,0
BRDA:45,2,0,0
BRDA:45,2,1,0
BRDA:68,3,0,0
BRDA:68,3,1,0
BRDA:73,4,0,0
BRDA:73,4,1,0
BRDA:77,5,0,0
BRDA:77,5,1,0
BRDA:96,6,0,0
BRDA:96,6,1,0
BRDA:103,7,0,0
BRDA:103,7,1,0
BRDA:118,8,0,0
BRDA:118,8,1,0
BRF:18
BRH:0
end_of_record
TN:
SF:src/hooks/useSSE.ts
FN:42,useSSE
FN:52,(anonymous_2)
FN:61,(anonymous_3)
FN:76,(anonymous_4)
FN:83,(anonymous_5)
FN:94,(anonymous_6)
FN:102,(anonymous_7)
FNF:7
FNH:7
FNDA:31,useSSE
FNDA:15,(anonymous_2)
FNDA:20,(anonymous_3)
FNDA:3,(anonymous_4)
FNDA:16,(anonymous_5)
FNDA:3,(anonymous_6)
FNDA:18,(anonymous_7)
DA:3,1
DA:4,1
DA:42,31
DA:46,31
DA:47,31
DA:48,31
DA:49,31
DA:51,31
DA:53,15
DA:54,15
DA:55,9
DA:61,31
DA:62,20
DA:63,2
DA:64,2
DA:65,2
DA:66,2
DA:70,18
DA:73,18
DA:76,18
DA:77,3
DA:78,3
DA:79,3
DA:83,18
DA:84,16
DA:85,16
DA:86,15
DA:88,1
DA:89,1
DA:94,18
DA:95,3
DA:96,3
DA:97,3
DA:98,3
DA:102,18
DA:103,18
DA:104,18
DA:105,18
DA:109,31
LF:39
LH:39
BRDA:54,0,0,9
BRDA:54,0,1,6
BRDA:62,1,0,2
BRDA:62,1,1,18
BRF:4
BRH:4
end_of_record
TN:
SF:src/hooks/useTask.ts
FN:61,useTask
FN:73,(anonymous_2)
FN:91,(anonymous_3)
FN:129,(anonymous_4)
FN:135,(anonymous_5)
FN:147,(anonymous_6)
FNF:6
FNH:0
FNDA:0,useTask
FNDA:0,(anonymous_2)
FNDA:0,(anonymous_3)
FNDA:0,(anonymous_4)
FNDA:0,(anonymous_5)
FNDA:0,(anonymous_6)
DA:1,0
DA:2,0
DA:3,0
DA:61,0
DA:65,0
DA:66,0
DA:67,0
DA:68,0
DA:69,0
DA:70,0
DA:71,0
DA:73,0
DA:74,0
DA:76,0
DA:77,0
DA:79,0
DA:80,0
DA:81,0
DA:84,0
DA:89,0
DA:90,0
DA:91,0
DA:92,0
DA:95,0
DA:96,0
DA:99,0
DA:100,0
DA:103,0
DA:104,0
DA:105,0
DA:106,0
DA:109,0
DA:113,0
DA:114,0
DA:117,0
DA:118,0
DA:121,0
DA:123,0
DA:124,0
DA:125,0
DA:129,0
DA:130,0
DA:131,0
DA:132,0
DA:135,0
DA:136,0
DA:137,0
DA:138,0
DA:140,0
DA:144,0
DA:147,0
DA:148,0
DA:149,0
DA:150,0
DA:151,0
DA:153,0
DA:157,0
LF:57
LH:0
BRDA:63,0,0,0
BRDA:65,1,0,0
BRDA:73,2,0,0
BRDA:74,3,0,0
BRDA:74,3,1,0
BRDA:80,4,0,0
BRDA:80,4,1,0
BRDA:89,5,0,0
BRDA:89,5,1,0
BRDA:89,6,0,0
BRDA:89,6,1,0
BRDA:95,7,0,0
BRDA:95,7,1,0
BRDA:103,8,0,0
BRDA:103,8,1,0
BRDA:105,9,0,0
BRDA:105,9,1,0
BRDA:113,10,0,0
BRDA:113,10,1,0
BRDA:118,11,0,0
BRDA:118,11,1,0
BRDA:124,12,0,0
BRDA:124,12,1,0
BRDA:130,13,0,0
BRDA:130,13,1,0
BRDA:148,14,0,0
BRDA:148,14,1,0
BRF:27
BRH:0
end_of_record
TN:
SF:src/hooks/useTasks.ts
FN:28,useTasks
FN:35,(anonymous_2)
FN:65,(anonymous_3)
FN:69,(anonymous_4)
FNF:4
FNH:0
FNDA:0,useTasks
FNDA:0,(anonymous_2)
FNDA:0,(anonymous_3)
FNDA:0,(anonymous_4)
DA:1,0
DA:2,0
DA:3,0
DA:28,0
DA:29,0
DA:30,0
DA:31,0
DA:32,0
DA:33,0
DA:35,0
DA:36,0
DA:37,0
DA:38,0
DA:41,0
DA:42,0
DA:43,0
DA:45,0
DA:51,0
DA:52,0
DA:55,0
DA:56,0
DA:58,0
DA:59,0
DA:61,0
DA:65,0
DA:66,0
DA:69,0
DA:70,0
DA:73,0
LF:29
LH:0
BRDA:36,0,0,0
BRDA:36,0,1,0
BRDA:51,1,0,0
BRDA:51,1,1,0
BRDA:56,2,0,0
BRDA:56,2,1,0
BRDA:59,3,0,0
BRDA:59,3,1,0
BRF:8
BRH:0
end_of_record
TN:
SF:src/hooks/useUserPreferences.ts
FN:31,useUserPreferences
FN:39,(anonymous_2)
FN:70,(anonymous_3)
FN:99,(anonymous_4)
FNF:4
FNH:0
FNDA:0,useUserPreferences
FNDA:0,(anonymous_2)
FNDA:0,(anonymous_3)
FNDA:0,(anonymous_4)
DA:3,0
DA:16,0
DA:31,0
DA:32,0
DA:33,0
DA:34,0
DA:39,0
DA:40,0
DA:41,0
DA:42,0
DA:44,0
DA:45,0
DA:46,0
DA:47,0
DA:48,0
DA:50,0
DA:52,0
DA:55,0
DA:56,0
DA:57,0
DA:59,0
DA:61,0
DA:69,0
DA:71,0
DA:72,0
DA:74,0
DA:82,0
DA:83,0
DA:86,0
DA:87,0
DA:89,0
DA:90,0
DA:91,0
DA:92,0
DA:99,0
DA:100,0
DA:103,0
LF:37
LH:0
BRDA:45,0,0,0
BRDA:45,0,1,0
BRDA:48,1,0,0
BRDA:48,1,1,0
BRDA:55,2,0,0
BRDA:55,2,1,0
BRDA:82,3,0,0
BRDA:82,3,1,0
BRDA:89,4,0,0
BRDA:89,4,1,0
BRF:10
BRH:0
end_of_record
TN:
SF:src/lib/auth-client.ts
FN:15,(anonymous_6)
FN:16,(anonymous_7)
FN:17,(anonymous_8)
FN:19,(anonymous_9)
FN:21,(anonymous_10)
FN:23,(anonymous_11)
FN:43,(anonymous_12)
FN:45,(anonymous_13)
FNF:8
FNH:0
FNDA:0,(anonymous_6)
FNDA:0,(anonymous_7)
FNDA:0,(anonymous_8)
FNDA:0,(anonymous_9)
FNDA:0,(anonymous_10)
FNDA:0,(anonymous_11)
FNDA:0,(anonymous_12)
FNDA:0,(anonymous_13)
DA:1,0
DA:4,0
DA:5,0
DA:8,0
DA:13,0
DA:15,0
DA:16,0
DA:17,0
DA:19,0
DA:21,0
DA:23,0
DA:45,0
DA:50,0
DA:53,0
DA:54,0
DA:55,0
DA:56,0
DA:57,0
LF:18
LH:0
BRDA:5,0,0,0
BRDA:5,0,1,0
BRDA:50,1,0,0
BRDA:50,1,1,0
BRF:4
BRH:0
end_of_record
TN:
SF:src/lib/auth.ts
FNF:0
FNH:0
DA:1,0
DA:2,0
DA:3,0
DA:4,0
DA:6,0
DA:8,0
LF:6
LH:0
BRF:0
BRH:0
end_of_record
TN:
SF:src/lib/date-utils.ts
FN:12,formatDate
FN:30,formatSimpleDate
FN:42,formatDuration
FNF:3
FNH:0
FNDA:0,formatDate
FNDA:0,formatSimpleDate
FNDA:0,formatDuration
DA:12,0
DA:13,0
DA:14,0
DA:30,0
DA:31,0
DA:32,0
DA:42,0
DA:43,0
DA:44,0
DA:45,0
DA:47,0
DA:48,0
DA:50,0
LF:13
LH:0
BRDA:47,0,0,0
BRDA:47,0,1,0
BRF:2
BRH:0
end_of_record
TN:
SF:src/lib/prisma.ts
FNF:0
FNH:0
DA:1,0
DA:3,0
DA:7,0
DA:9,0
DA:11,0
LF:5
LH:0
BRDA:7,0,0,0
BRDA:7,0,1,0
BRDA:9,1,0,0
BRDA:9,1,1,0
BRF:4
BRH:0
end_of_record
TN:
SF:src/lib/utils.ts
FN:4,cn
FNF:1
FNH:0
FNDA:0,cn
DA:1,0
DA:2,0
DA:4,0
DA:5,0
LF:4
LH:0
BRF:0
BRH:0
end_of_record
